Log file open, 01/29/22 18:33:03
LogWindows: Failed to load 'aqProf.dll' (GetLastError=126)
LogWindows: File 'aqProf.dll' does not exist
LogWindows: Failed to load 'VtuneApi.dll' (GetLastError=126)
LogWindows: File 'VtuneApi.dll' does not exist
LogWindows: Failed to load 'VtuneApi32e.dll' (GetLastError=126)
LogWindows: File 'VtuneApi32e.dll' does not exist
LogConsoleResponse: Display: Failed to find resolution value strings in scalability ini. Falling back to default.
LogConsoleResponse: Display: Failed to find resolution value strings in scalability ini. Falling back to default.
LogInit: Display: Running engine for game: LevelBuild
LogPlatformFile: Not using cached read wrapper
LogTaskGraph: Started task graph with 5 named threads and 47 total threads with 3 sets of task threads.
LogStats: Stats thread started at 0.162796
LogICUInternationalization: ICU TimeZone Detection - Raw Offset: +3:00, Platform Override: ''
LogInit: Display: Loading text-based GConfig....
LogPluginManager: Mounting plugin MeshPainting
LogPluginManager: Mounting plugin XGEController
LogPluginManager: Mounting plugin Paper2D
LogPluginManager: Mounting plugin AISupport
LogPluginManager: Mounting plugin LightPropagationVolume
LogPluginManager: Mounting plugin EnvironmentQueryEditor
LogPluginManager: Mounting plugin CameraShakePreviewer
LogPluginManager: Mounting plugin GameplayCameras
LogPluginManager: Mounting plugin LiveLink
LogPluginManager: Mounting plugin OodleNetwork
LogPluginManager: Mounting plugin OodleData
LogPluginManager: Mounting plugin AnimationSharing
LogPluginManager: Mounting plugin AssetManagerEditor
LogPluginManager: Mounting plugin CLionSourceCodeAccess
LogPluginManager: Mounting plugin CodeLiteSourceCodeAccess
LogPluginManager: Mounting plugin GitSourceControl
LogPluginManager: Mounting plugin KDevelopSourceCodeAccess
LogPluginManager: Mounting plugin NullSourceCodeAccess
LogPluginManager: Mounting plugin PerforceSourceControl
LogPluginManager: Mounting plugin PixWinPlugin
LogPluginManager: Mounting plugin PlasticSourceControl
LogPluginManager: Mounting plugin PluginUtils
LogPluginManager: Mounting plugin PropertyAccessNode
LogPluginManager: Mounting plugin RiderSourceCodeAccess
LogPluginManager: Mounting plugin SubversionSourceControl
LogPluginManager: Mounting plugin TextureFormatOodle
LogPluginManager: Mounting plugin UObjectPlugin
LogPluginManager: Mounting plugin CryptoKeys
LogPluginManager: Mounting plugin VisualStudioCodeSourceCodeAccess
LogPluginManager: Mounting plugin CurveEditorTools
LogPluginManager: Mounting plugin DataValidation
LogPluginManager: Mounting plugin VisualStudioSourceCodeAccess
LogPluginManager: Mounting plugin XCodeSourceCodeAccess
LogPluginManager: Mounting plugin FacialAnimation
LogPluginManager: Mounting plugin GameplayTagsEditor
LogPluginManager: Mounting plugin MacGraphicsSwitching
LogPluginManager: Mounting plugin GeometryMode
LogPluginManager: Mounting plugin MaterialAnalyzer
LogPluginManager: Mounting plugin PluginBrowser
LogPluginManager: Mounting plugin MobileLauncherProfileWizard
LogPluginManager: Mounting plugin SpeedTreeImporter
LogPluginManager: Mounting plugin DatasmithContent
LogPluginManager: Mounting plugin VariantManagerContent
LogPluginManager: Mounting plugin AlembicImporter
LogPluginManager: Mounting plugin AutomationUtils
LogPluginManager: Mounting plugin BackChannel
LogPluginManager: Mounting plugin ChaosCloth
LogPluginManager: Mounting plugin ChaosClothEditor
LogPluginManager: Mounting plugin ChaosEditor
LogPluginManager: Mounting plugin ChaosSolverPlugin
LogPluginManager: Mounting plugin ChaosNiagara
LogPluginManager: Mounting plugin CharacterAI
LogPluginManager: Mounting plugin GeometryCache
LogPluginManager: Mounting plugin GeometryProcessing
LogPluginManager: Mounting plugin GeometryCollectionPlugin
LogPluginManager: Mounting plugin OpenImageDenoise
LogPluginManager: Mounting plugin MotoSynth
LogPluginManager: Mounting plugin PlatformCrypto
LogPluginManager: Mounting plugin PlanarCut
LogPluginManager: Mounting plugin ProxyLODPlugin
LogPluginManager: Mounting plugin PythonScriptPlugin
LogPluginManager: Mounting plugin Niagara
LogPluginManager: Mounting plugin LuminPlatformFeatures
LogPluginManager: Mounting plugin MagicLeap
LogPluginManager: Mounting plugin SkeletalReduction
LogPluginManager: Mounting plugin AndroidMedia
LogPluginManager: Mounting plugin MagicLeapLightEstimation
LogPluginManager: Mounting plugin AvfMedia
LogPluginManager: Mounting plugin MagicLeapMedia
LogPluginManager: Mounting plugin MagicLeapPassableWorld
LogPluginManager: Mounting plugin MLSDK
LogPluginManager: Mounting plugin ImgMedia
LogPluginManager: Mounting plugin MediaCompositing
LogPluginManager: Mounting plugin MediaPlayerEditor
LogPluginManager: Mounting plugin WmfMedia
LogPluginManager: Mounting plugin WebMMedia
LogPluginManager: Mounting plugin UdpMessaging
LogPluginManager: Mounting plugin TcpMessaging
LogPluginManager: Mounting plugin ActorSequence
LogPluginManager: Mounting plugin LevelSequenceEditor
LogPluginManager: Mounting plugin MatineeToLevelSequence
LogPluginManager: Mounting plugin TemplateSequence
LogPluginManager: Mounting plugin OnlineSubsystem
LogPluginManager: Mounting plugin LauncherChunkInstaller
LogPluginManager: Mounting plugin ActorLayerUtilities
LogPluginManager: Mounting plugin AndroidDeviceProfileSelector
LogPluginManager: Mounting plugin AndroidMoviePlayer
LogPluginManager: Mounting plugin AndroidPermission
LogPluginManager: Mounting plugin OnlineSubsystemNull
LogPluginManager: Mounting plugin OnlineSubsystemUtils
LogPluginManager: Mounting plugin AppleImageUtils
LogPluginManager: Mounting plugin AppleMoviePlayer
LogPluginManager: Mounting plugin ArchVisCharacter
LogPluginManager: Mounting plugin AssetTags
LogPluginManager: Mounting plugin AudioCapture
LogPluginManager: Mounting plugin AudioSynesthesia
LogPluginManager: Mounting plugin CableComponent
LogPluginManager: Mounting plugin ChunkDownloader
LogPluginManager: Mounting plugin CustomMeshComponent
LogPluginManager: Mounting plugin ExampleDeviceProfileSelector
LogPluginManager: Mounting plugin EditableMesh
LogPluginManager: Mounting plugin GoogleCloudMessaging
LogPluginManager: Mounting plugin GooglePAD
LogPluginManager: Mounting plugin IOSDeviceProfileSelector
LogPluginManager: Mounting plugin LinuxDeviceProfileSelector
LogPluginManager: Mounting plugin LocationServicesBPLibrary
LogPluginManager: Mounting plugin MobilePatchingUtils
LogPluginManager: Mounting plugin OpenXR
LogPluginManager: Mounting plugin OpenXRHandTracking
LogPluginManager: Mounting plugin OpenXREyeTracker
LogPluginManager: Mounting plugin PhysXVehicles
LogPluginManager: Mounting plugin PostSplashScreen
LogPluginManager: Mounting plugin ProceduralMeshComponent
LogPluginManager: Mounting plugin PropertyAccessEditor
LogPluginManager: Mounting plugin RuntimePhysXCooking
LogPluginManager: Mounting plugin SoundFields
LogPluginManager: Mounting plugin SignificanceManager
LogPluginManager: Mounting plugin Synthesis
LogPluginManager: Mounting plugin WebMMoviePlayer
LogPluginManager: Mounting plugin WindowsMoviePlayer
LogPluginManager: Mounting plugin ScreenshotTools
LogPluginManager: Mounting plugin Takes
LogPluginManager: Mounting plugin ContentBrowserClassDataSource
LogPluginManager: Mounting plugin ContentBrowserAssetDataSource
LogPluginManager: Mounting plugin ContentBrowserFileDataSource
LogPluginManager: Mounting plugin OnlineSubsystemGooglePlay
LogPluginManager: Mounting plugin OnlineSubsystemIOS
LogPluginManager: Mounting plugin OculusVR
LogPluginManager: Mounting plugin SteamVR
PixWinPlugin: PIX capture plugin failed to initialize! Check that the process is launched from PIX.
LogInit: Using libcurl 7.55.1-DEV
LogInit:  - built for x86_64-pc-win32
LogInit:  - supports SSL with OpenSSL/1.1.1
LogInit:  - supports HTTP deflate (compression) using libz 1.2.8
LogInit:  - other features:
LogInit:      CURL_VERSION_SSL
LogInit:      CURL_VERSION_LIBZ
LogInit:      CURL_VERSION_IPV6
LogInit:      CURL_VERSION_ASYNCHDNS
LogInit:      CURL_VERSION_LARGEFILE
LogInit:      CURL_VERSION_IDN
LogInit:  CurlRequestOptions (configurable via config and command line):
LogInit:  - bVerifyPeer = true  - Libcurl will verify peer certificate
LogInit:  - bUseHttpProxy = false  - Libcurl will NOT use HTTP proxy
LogInit:  - bDontReuseConnections = false  - Libcurl will reuse connections
LogInit:  - MaxHostConnections = 16  - Libcurl will limit the number of connections to a host
LogInit:  - LocalHostAddr = Default
LogInit:  - BufferSize = 65536
LogOnline: OSS: Creating online subsystem instance for: NULL
LogInit: WinSock: version 1.1 (2.2), MaxSocks=32767, MaxUdp=65467
LogOnline: OSS: TryLoadSubsystemAndSetDefault: Loaded subsystem for module [NULL]
LogOculusPluginWrapper: OculusPlugin initialized successfully
LogHMD: Failed initializing OVRPlugin 1.59.0
LogInit: Build: ++UE4+Release-4.27-CL-18319896
LogInit: Engine Version: 4.27.2-18319896+++UE4+Release-4.27
LogInit: Compatible Engine Version: 4.27.0-17155196+++UE4+Release-4.27
LogInit: Net CL: 17155196
LogInit: OS: Windows 10 (Release 2009) (), CPU: Intel(R) Core(TM) i7-10700 CPU @ 2.90GHz, GPU: NVIDIA GeForce RTX 3070
LogInit: Compiled (64-bit): Nov 30 2021 07:12:08
LogInit: Compiled with Visual C++: 19.24.28315.00
LogInit: Build Configuration: Development
LogInit: Branch Name: ++UE4+Release-4.27
LogInit: Command Line: 
LogInit: Base Directory: D:/Epic Games/UE_4.27/Engine/Binaries/Win64/
LogInit: Allocator: TBB
LogInit: Installed Engine Build: 1
LogDevObjectVersion: Number of dev versions registered: 29
LogDevObjectVersion:   Dev-Blueprints (B0D832E4-1F89-4F0D-ACCF-7EB736FD4AA2): 10
LogDevObjectVersion:   Dev-Build (E1C64328-A22C-4D53-A36C-8E866417BD8C): 0
LogDevObjectVersion:   Dev-Core (375EC13C-06E4-48FB-B500-84F0262A717E): 4
LogDevObjectVersion:   Dev-Editor (E4B068ED-F494-42E9-A231-DA0B2E46BB41): 40
LogDevObjectVersion:   Dev-Framework (CFFC743F-43B0-4480-9391-14DF171D2073): 37
LogDevObjectVersion:   Dev-Mobile (B02B49B5-BB20-44E9-A304-32B752E40360): 3
LogDevObjectVersion:   Dev-Networking (A4E4105C-59A1-49B5-A7C5-40C4547EDFEE): 0
LogDevObjectVersion:   Dev-Online (39C831C9-5AE6-47DC-9A44-9C173E1C8E7C): 0
LogDevObjectVersion:   Dev-Physics (78F01B33-EBEA-4F98-B9B4-84EACCB95AA2): 14
LogDevObjectVersion:   Dev-Platform (6631380F-2D4D-43E0-8009-CF276956A95A): 0
LogDevObjectVersion:   Dev-Rendering (12F88B9F-8875-4AFC-A67C-D90C383ABD29): 45
LogDevObjectVersion:   Dev-Sequencer (7B5AE74C-D270-4C10-A958-57980B212A5A): 13
LogDevObjectVersion:   Dev-VR (D7296918-1DD6-4BDD-9DE2-64A83CC13884): 3
LogDevObjectVersion:   Dev-LoadTimes (C2A15278-BFE7-4AFE-6C17-90FF531DF755): 1
LogDevObjectVersion:   Private-Geometry (6EACA3D4-40EC-4CC1-B786-8BED09428FC5): 3
LogDevObjectVersion:   Dev-AnimPhys (29E575DD-E0A3-4627-9D10-D276232CDCEA): 17
LogDevObjectVersion:   Dev-Anim (AF43A65D-7FD3-4947-9873-3E8ED9C1BB05): 15
LogDevObjectVersion:   Dev-ReflectionCapture (6B266CEC-1EC7-4B8F-A30B-E4D90942FC07): 1
LogDevObjectVersion:   Dev-Automation (0DF73D61-A23F-47EA-B727-89E90C41499A): 1
LogDevObjectVersion:   FortniteMain (601D1886-AC64-4F84-AA16-D3DE0DEAC7D6): 47
LogDevObjectVersion:   FortniteRelease (E7086368-6B23-4C58-8439-1B7016265E91): 1
LogDevObjectVersion:   Dev-Enterprise (9DFFBCD6-494F-0158-E221-12823C92A888): 10
LogDevObjectVersion:   Dev-Niagara (F2AED0AC-9AFE-416F-8664-AA7FFA26D6FC): 1
LogDevObjectVersion:   Dev-Destruction (174F1F0B-B4C6-45A5-B13F-2EE8D0FB917D): 10
LogDevObjectVersion:   Dev-Physics-Ext (35F94A83-E258-406C-A318-09F59610247C): 41
LogDevObjectVersion:   Dev-PhysicsMaterial-Chaos (B68FC16E-8B1B-42E2-B453-215C058844FE): 1
LogDevObjectVersion:   Dev-CineCamera (B2E18506-4273-CFC2-A54E-F4BB758BBA07): 1
LogDevObjectVersion:   Dev-VirtualProduction (64F58936-FD1B-42BA-BA96-7289D5D0FA4E): 1
LogDevObjectVersion:   Dev-MediaFramework (6F0ED827-A609-4895-9C91-998D90180EA4): 2
LogInit: Presizing for max 25165824 objects, including 0 objects not considered by GC, pre-allocating 0 bytes for permanent pool.
LogConfig: Applying CVar settings from Section [/Script/Engine.StreamingSettings] File [C:/Users/DORUK SASMAZ/Documents/Unreal Projects/LevelBuild/Saved/Config/Windows/Engine.ini]
LogConfig: Setting CVar [[s.MinBulkDataSizeForAsyncLoading:131072]]
LogConfig: Setting CVar [[s.AsyncLoadingThreadEnabled:0]]
LogConfig: Setting CVar [[s.EventDrivenLoaderEnabled:1]]
LogConfig: Setting CVar [[s.WarnIfTimeLimitExceeded:0]]
LogConfig: Setting CVar [[s.TimeLimitExceededMultiplier:1.5]]
LogConfig: Setting CVar [[s.TimeLimitExceededMinTime:0.005]]
LogConfig: Setting CVar [[s.UseBackgroundLevelStreaming:1]]
LogConfig: Setting CVar [[s.PriorityAsyncLoadingExtraTime:15.0]]
LogConfig: Setting CVar [[s.LevelStreamingActorsUpdateTimeLimit:5.0]]
LogConfig: Setting CVar [[s.PriorityLevelStreamingActorsUpdateExtraTime:5.0]]
LogConfig: Setting CVar [[s.LevelStreamingComponentsRegistrationGranularity:10]]
LogConfig: Setting CVar [[s.UnregisterComponentsTimeLimit:1.0]]
LogConfig: Setting CVar [[s.LevelStreamingComponentsUnregistrationGranularity:5]]
LogConfig: Setting CVar [[s.FlushStreamingOnExit:1]]
LogInit: Object subsystem initialized
LogConfig: Setting CVar [[con.DebugEarlyDefault:1]]
LogConfig: Setting CVar [[r.setres:1280x720]]
[2022.01.29-15.33.09:329][  0]LogConfig: Setting CVar [[r.VSync:0]]
[2022.01.29-15.33.09:329][  0]LogConfig: Setting CVar [[r.RHICmdBypass:0]]
[2022.01.29-15.33.09:329][  0]LogConfig: Applying CVar settings from Section [/Script/Engine.RendererSettings] File [C:/Users/DORUK SASMAZ/Documents/Unreal Projects/LevelBuild/Saved/Config/Windows/Engine.ini]
[2022.01.29-15.33.09:329][  0]LogConfig: Setting CVar [[r.GPUCrashDebugging:0]]
[2022.01.29-15.33.09:329][  0]LogConfig: Applying CVar settings from Section [/Script/Engine.RendererOverrideSettings] File [C:/Users/DORUK SASMAZ/Documents/Unreal Projects/LevelBuild/Saved/Config/Windows/Engine.ini]
[2022.01.29-15.33.09:329][  0]LogConfig: Applying CVar settings from Section [/Script/Engine.StreamingSettings] File [C:/Users/DORUK SASMAZ/Documents/Unreal Projects/LevelBuild/Saved/Config/Windows/Engine.ini]
[2022.01.29-15.33.09:329][  0]LogConfig: Setting CVar [[s.MinBulkDataSizeForAsyncLoading:131072]]
[2022.01.29-15.33.09:329][  0]LogConfig: Setting CVar [[s.AsyncLoadingThreadEnabled:0]]
[2022.01.29-15.33.09:329][  0]LogConfig: Setting CVar [[s.EventDrivenLoaderEnabled:1]]
[2022.01.29-15.33.09:329][  0]LogConfig: Setting CVar [[s.WarnIfTimeLimitExceeded:0]]
[2022.01.29-15.33.09:329][  0]LogConfig: Setting CVar [[s.TimeLimitExceededMultiplier:1.5]]
[2022.01.29-15.33.09:329][  0]LogConfig: Setting CVar [[s.TimeLimitExceededMinTime:0.005]]
[2022.01.29-15.33.09:329][  0]LogConfig: Setting CVar [[s.UseBackgroundLevelStreaming:1]]
[2022.01.29-15.33.09:329][  0]LogConfig: Setting CVar [[s.PriorityAsyncLoadingExtraTime:15.0]]
[2022.01.29-15.33.09:329][  0]LogConfig: Setting CVar [[s.LevelStreamingActorsUpdateTimeLimit:5.0]]
[2022.01.29-15.33.09:329][  0]LogConfig: Setting CVar [[s.PriorityLevelStreamingActorsUpdateExtraTime:5.0]]
[2022.01.29-15.33.09:329][  0]LogConfig: Setting CVar [[s.LevelStreamingComponentsRegistrationGranularity:10]]
[2022.01.29-15.33.09:329][  0]LogConfig: Setting CVar [[s.UnregisterComponentsTimeLimit:1.0]]
[2022.01.29-15.33.09:329][  0]LogConfig: Setting CVar [[s.LevelStreamingComponentsUnregistrationGranularity:5]]
[2022.01.29-15.33.09:329][  0]LogConfig: Setting CVar [[s.FlushStreamingOnExit:1]]
[2022.01.29-15.33.09:329][  0]LogConfig: Applying CVar settings from Section [/Script/Engine.GarbageCollectionSettings] File [C:/Users/DORUK SASMAZ/Documents/Unreal Projects/LevelBuild/Saved/Config/Windows/Engine.ini]
[2022.01.29-15.33.09:329][  0]LogConfig: Setting CVar [[gc.MaxObjectsNotConsideredByGC:1]]
[2022.01.29-15.33.09:329][  0]LogConfig: Setting CVar [[gc.SizeOfPermanentObjectPool:0]]
[2022.01.29-15.33.09:329][  0]LogConfig: Setting CVar [[gc.FlushStreamingOnGC:0]]
[2022.01.29-15.33.09:329][  0]LogConfig: Setting CVar [[gc.NumRetriesBeforeForcingGC:10]]
[2022.01.29-15.33.09:329][  0]LogConfig: Setting CVar [[gc.AllowParallelGC:1]]
[2022.01.29-15.33.09:329][  0]LogConfig: Setting CVar [[gc.TimeBetweenPurgingPendingKillObjects:61.1]]
[2022.01.29-15.33.09:329][  0]LogConfig: Setting CVar [[gc.MaxObjectsInEditor:25165824]]
[2022.01.29-15.33.09:329][  0]LogConfig: Setting CVar [[gc.IncrementalBeginDestroyEnabled:1]]
[2022.01.29-15.33.09:329][  0]LogConfig: Setting CVar [[gc.CreateGCClusters:1]]
[2022.01.29-15.33.09:329][  0]LogConfig: Setting CVar [[gc.MinGCClusterSize:5]]
[2022.01.29-15.33.09:329][  0]LogConfig: Setting CVar [[gc.ActorClusteringEnabled:0]]
[2022.01.29-15.33.09:329][  0]LogConfig: Setting CVar [[gc.BlueprintClusteringEnabled:0]]
[2022.01.29-15.33.09:329][  0]LogConfig: Setting CVar [[gc.UseDisregardForGCOnDedicatedServers:0]]
[2022.01.29-15.33.09:329][  0]LogConfig: Setting CVar [[gc.MultithreadedDestructionEnabled:1]]
[2022.01.29-15.33.09:329][  0]LogConfig: Applying CVar settings from Section [/Script/Engine.NetworkSettings] File [C:/Users/DORUK SASMAZ/Documents/Unreal Projects/LevelBuild/Saved/Config/Windows/Engine.ini]
[2022.01.29-15.33.09:329][  0]LogConfig: Applying CVar settings from Section [/Script/UnrealEd.CookerSettings] File [C:/Users/DORUK SASMAZ/Documents/Unreal Projects/LevelBuild/Saved/Config/Windows/Engine.ini]
[2022.01.29-15.33.09:432][  0]LogConfig: Applying CVar settings from Section [ViewDistanceQuality@3] File [C:/Users/DORUK SASMAZ/Documents/Unreal Projects/LevelBuild/Saved/Config/Windows/Scalability.ini]
[2022.01.29-15.33.09:432][  0]LogConfig: Setting CVar [[r.SkeletalMeshLODBias:0]]
[2022.01.29-15.33.09:432][  0]LogConfig: Setting CVar [[r.ViewDistanceScale:1.0]]
[2022.01.29-15.33.09:432][  0]LogConfig: Applying CVar settings from Section [AntiAliasingQuality@3] File [C:/Users/DORUK SASMAZ/Documents/Unreal Projects/LevelBuild/Saved/Config/Windows/Scalability.ini]
[2022.01.29-15.33.09:432][  0]LogConfig: Setting CVar [[r.PostProcessAAQuality:4]]
[2022.01.29-15.33.09:432][  0]LogConfig: Applying CVar settings from Section [ShadowQuality@3] File [C:/Users/DORUK SASMAZ/Documents/Unreal Projects/LevelBuild/Saved/Config/Windows/Scalability.ini]
[2022.01.29-15.33.09:432][  0]LogConfig: Setting CVar [[r.LightFunctionQuality:1]]
[2022.01.29-15.33.09:432][  0]LogConfig: Setting CVar [[r.ShadowQuality:5]]
[2022.01.29-15.33.09:432][  0]LogConfig: Setting CVar [[r.Shadow.CSM.MaxCascades:10]]
[2022.01.29-15.33.09:432][  0]LogConfig: Setting CVar [[r.Shadow.MaxResolution:2048]]
[2022.01.29-15.33.09:432][  0]LogConfig: Setting CVar [[r.Shadow.MaxCSMResolution:2048]]
[2022.01.29-15.33.09:432][  0]LogConfig: Setting CVar [[r.Shadow.RadiusThreshold:0.01]]
[2022.01.29-15.33.09:432][  0]LogConfig: Setting CVar [[r.Shadow.DistanceScale:1.0]]
[2022.01.29-15.33.09:432][  0]LogConfig: Setting CVar [[r.Shadow.CSM.TransitionScale:1.0]]
[2022.01.29-15.33.09:432][  0]LogConfig: Setting CVar [[r.Shadow.PreShadowResolutionFactor:1.0]]
[2022.01.29-15.33.09:432][  0]LogConfig: Setting CVar [[r.DistanceFieldShadowing:1]]
[2022.01.29-15.33.09:432][  0]LogConfig: Setting CVar [[r.DistanceFieldAO:1]]
[2022.01.29-15.33.09:432][  0]LogConfig: Setting CVar [[r.AOQuality:2]]
[2022.01.29-15.33.09:432][  0]LogConfig: Setting CVar [[r.VolumetricFog:1]]
[2022.01.29-15.33.09:432][  0]LogConfig: Setting CVar [[r.VolumetricFog.GridPixelSize:8]]
[2022.01.29-15.33.09:432][  0]LogConfig: Setting CVar [[r.VolumetricFog.GridSizeZ:128]]
[2022.01.29-15.33.09:432][  0]LogConfig: Setting CVar [[r.VolumetricFog.HistoryMissSupersampleCount:4]]
[2022.01.29-15.33.09:432][  0]LogConfig: Setting CVar [[r.LightMaxDrawDistanceScale:1]]
[2022.01.29-15.33.09:432][  0]LogConfig: Setting CVar [[r.CapsuleShadows:1]]
[2022.01.29-15.33.09:432][  0]LogConfig: Applying CVar settings from Section [PostProcessQuality@3] File [C:/Users/DORUK SASMAZ/Documents/Unreal Projects/LevelBuild/Saved/Config/Windows/Scalability.ini]
[2022.01.29-15.33.09:432][  0]LogConfig: Setting CVar [[r.MotionBlurQuality:4]]
[2022.01.29-15.33.09:432][  0]LogConfig: Setting CVar [[r.AmbientOcclusionMipLevelFactor:0.4]]
[2022.01.29-15.33.09:432][  0]LogConfig: Setting CVar [[r.AmbientOcclusionMaxQuality:100]]
[2022.01.29-15.33.09:432][  0]LogConfig: Setting CVar [[r.AmbientOcclusionLevels:-1]]
[2022.01.29-15.33.09:432][  0]LogConfig: Setting CVar [[r.AmbientOcclusionRadiusScale:1.0]]
[2022.01.29-15.33.09:432][  0]LogConfig: Setting CVar [[r.DepthOfFieldQuality:2]]
[2022.01.29-15.33.09:432][  0]LogConfig: Setting CVar [[r.RenderTargetPoolMin:400]]
[2022.01.29-15.33.09:432][  0]LogConfig: Setting CVar [[r.LensFlareQuality:2]]
[2022.01.29-15.33.09:432][  0]LogConfig: Setting CVar [[r.SceneColorFringeQuality:1]]
[2022.01.29-15.33.09:432][  0]LogConfig: Setting CVar [[r.EyeAdaptationQuality:2]]
[2022.01.29-15.33.09:432][  0]LogConfig: Setting CVar [[r.BloomQuality:5]]
[2022.01.29-15.33.09:432][  0]LogConfig: Setting CVar [[r.FastBlurThreshold:100]]
[2022.01.29-15.33.09:432][  0]LogConfig: Setting CVar [[r.Upscale.Quality:3]]
[2022.01.29-15.33.09:432][  0]LogConfig: Setting CVar [[r.Tonemapper.GrainQuantization:1]]
[2022.01.29-15.33.09:432][  0]LogConfig: Setting CVar [[r.LightShaftQuality:1]]
[2022.01.29-15.33.09:432][  0]LogConfig: Setting CVar [[r.Filter.SizeScale:1]]
[2022.01.29-15.33.09:432][  0]LogConfig: Setting CVar [[r.Tonemapper.Quality:5]]
[2022.01.29-15.33.09:432][  0]LogConfig: Setting CVar [[r.DOF.Gather.AccumulatorQuality:1        ; higher gathering accumulator quality]]
[2022.01.29-15.33.09:432][  0]LogConfig: Setting CVar [[r.DOF.Gather.PostfilterMethod:1          ; Median3x3 postfilering method]]
[2022.01.29-15.33.09:432][  0]LogConfig: Setting CVar [[r.DOF.Gather.EnableBokehSettings:0       ; no bokeh simulation when gathering]]
[2022.01.29-15.33.09:432][  0]LogConfig: Setting CVar [[r.DOF.Gather.RingCount:4                 ; medium number of samples when gathering]]
[2022.01.29-15.33.09:432][  0]LogConfig: Setting CVar [[r.DOF.Scatter.ForegroundCompositing:1    ; additive foreground scattering]]
[2022.01.29-15.33.09:432][  0]LogConfig: Setting CVar [[r.DOF.Scatter.BackgroundCompositing:2    ; additive background scattering]]
[2022.01.29-15.33.09:432][  0]LogConfig: Setting CVar [[r.DOF.Scatter.EnableBokehSettings:1      ; bokeh simulation when scattering]]
[2022.01.29-15.33.09:432][  0]LogConfig: Setting CVar [[r.DOF.Scatter.MaxSpriteRatio:0.1         ; only a maximum of 10% of scattered bokeh]]
[2022.01.29-15.33.09:432][  0]LogConfig: Setting CVar [[r.DOF.Recombine.Quality:1                ; cheap slight out of focus]]
[2022.01.29-15.33.09:432][  0]LogConfig: Setting CVar [[r.DOF.Recombine.EnableBokehSettings:0    ; no bokeh simulation on slight out of focus]]
[2022.01.29-15.33.09:432][  0]LogConfig: Setting CVar [[r.DOF.TemporalAAQuality:1                ; more stable temporal accumulation]]
[2022.01.29-15.33.09:432][  0]LogConfig: Setting CVar [[r.DOF.Kernel.MaxForegroundRadius:0.025]]
[2022.01.29-15.33.09:432][  0]LogConfig: Setting CVar [[r.DOF.Kernel.MaxBackgroundRadius:0.025]]
[2022.01.29-15.33.09:432][  0]LogConfig: Applying CVar settings from Section [TextureQuality@3] File [C:/Users/DORUK SASMAZ/Documents/Unreal Projects/LevelBuild/Saved/Config/Windows/Scalability.ini]
[2022.01.29-15.33.09:432][  0]LogConfig: Setting CVar [[r.Streaming.MipBias:0]]
[2022.01.29-15.33.09:432][  0]LogConfig: Setting CVar [[r.Streaming.AmortizeCPUToGPUCopy:0]]
[2022.01.29-15.33.09:432][  0]LogConfig: Setting CVar [[r.Streaming.MaxNumTexturesToStreamPerFrame:0]]
[2022.01.29-15.33.09:432][  0]LogConfig: Setting CVar [[r.Streaming.Boost:1]]
[2022.01.29-15.33.09:432][  0]LogConfig: Setting CVar [[r.MaxAnisotropy:8]]
[2022.01.29-15.33.09:432][  0]LogConfig: Setting CVar [[r.VT.MaxAnisotropy:8]]
[2022.01.29-15.33.09:432][  0]LogConfig: Setting CVar [[r.Streaming.LimitPoolSizeToVRAM:0]]
[2022.01.29-15.33.09:432][  0]LogConfig: Setting CVar [[r.Streaming.PoolSize:1000]]
[2022.01.29-15.33.09:432][  0]LogConfig: Setting CVar [[r.Streaming.MaxEffectiveScreenSize:0]]
[2022.01.29-15.33.09:432][  0]LogConfig: Applying CVar settings from Section [EffectsQuality@3] File [C:/Users/DORUK SASMAZ/Documents/Unreal Projects/LevelBuild/Saved/Config/Windows/Scalability.ini]
[2022.01.29-15.33.09:432][  0]LogConfig: Setting CVar [[r.TranslucencyLightingVolumeDim:64]]
[2022.01.29-15.33.09:432][  0]LogConfig: Setting CVar [[r.RefractionQuality:2]]
[2022.01.29-15.33.09:432][  0]LogConfig: Setting CVar [[r.SSR.Quality:3]]
[2022.01.29-15.33.09:432][  0]LogConfig: Setting CVar [[r.SSR.HalfResSceneColor:0]]
[2022.01.29-15.33.09:432][  0]LogConfig: Setting CVar [[r.SceneColorFormat:4]]
[2022.01.29-15.33.09:432][  0]LogConfig: Setting CVar [[r.DetailMode:2]]
[2022.01.29-15.33.09:432][  0]LogConfig: Setting CVar [[r.TranslucencyVolumeBlur:1]]
[2022.01.29-15.33.09:432][  0]LogConfig: Setting CVar [[r.MaterialQualityLevel:1 ; High quality]]
[2022.01.29-15.33.09:432][  0]LogConfig: Setting CVar [[r.AnisotropicMaterials:1]]
[2022.01.29-15.33.09:432][  0]LogConfig: Setting CVar [[r.SSS.Scale:1]]
[2022.01.29-15.33.09:432][  0]LogConfig: Setting CVar [[r.SSS.SampleSet:2]]
[2022.01.29-15.33.09:432][  0]LogConfig: Setting CVar [[r.SSS.Quality:1]]
[2022.01.29-15.33.09:432][  0]LogConfig: Setting CVar [[r.SSS.HalfRes:0]]
[2022.01.29-15.33.09:432][  0]LogConfig: Setting CVar [[r.SSGI.Quality:3]]
[2022.01.29-15.33.09:433][  0]LogConfig: Setting CVar [[r.EmitterSpawnRateScale:1.0]]
[2022.01.29-15.33.09:433][  0]LogConfig: Setting CVar [[r.ParticleLightQuality:2]]
[2022.01.29-15.33.09:433][  0]LogConfig: Setting CVar [[r.SkyAtmosphere.AerialPerspectiveLUT.FastApplyOnOpaque:1 ; Always have FastSkyLUT 1 in this case to avoid wrong sky]]
[2022.01.29-15.33.09:433][  0]LogConfig: Setting CVar [[r.SkyAtmosphere.AerialPerspectiveLUT.SampleCountMaxPerSlice:4]]
[2022.01.29-15.33.09:433][  0]LogConfig: Setting CVar [[r.SkyAtmosphere.AerialPerspectiveLUT.DepthResolution:16.0]]
[2022.01.29-15.33.09:433][  0]LogConfig: Setting CVar [[r.SkyAtmosphere.FastSkyLUT:1]]
[2022.01.29-15.33.09:433][  0]LogConfig: Setting CVar [[r.SkyAtmosphere.FastSkyLUT.SampleCountMin:4.0]]
[2022.01.29-15.33.09:433][  0]LogConfig: Setting CVar [[r.SkyAtmosphere.FastSkyLUT.SampleCountMax:128.0]]
[2022.01.29-15.33.09:433][  0]LogConfig: Setting CVar [[r.SkyAtmosphere.SampleCountMin:4.0]]
[2022.01.29-15.33.09:433][  0]LogConfig: Setting CVar [[r.SkyAtmosphere.SampleCountMax:128.0]]
[2022.01.29-15.33.09:433][  0]LogConfig: Setting CVar [[r.SkyAtmosphere.TransmittanceLUT.UseSmallFormat:0]]
[2022.01.29-15.33.09:433][  0]LogConfig: Setting CVar [[r.SkyAtmosphere.TransmittanceLUT.SampleCount:10.0]]
[2022.01.29-15.33.09:433][  0]LogConfig: Setting CVar [[r.SkyAtmosphere.MultiScatteringLUT.SampleCount:15.0]]
[2022.01.29-15.33.09:433][  0]LogConfig: Setting CVar [[r.SkyLight.RealTimeReflectionCapture:1]]
[2022.01.29-15.33.09:433][  0]LogConfig: Applying CVar settings from Section [FoliageQuality@3] File [C:/Users/DORUK SASMAZ/Documents/Unreal Projects/LevelBuild/Saved/Config/Windows/Scalability.ini]
[2022.01.29-15.33.09:433][  0]LogConfig: Setting CVar [[foliage.DensityScale:1.0]]
[2022.01.29-15.33.09:433][  0]LogConfig: Setting CVar [[grass.DensityScale:1.0]]
[2022.01.29-15.33.09:433][  0]LogConfig: Applying CVar settings from Section [ShadingQuality@3] File [C:/Users/DORUK SASMAZ/Documents/Unreal Projects/LevelBuild/Saved/Config/Windows/Scalability.ini]
[2022.01.29-15.33.09:433][  0]LogConfig: Setting CVar [[r.HairStrands.SkyLighting.IntegrationType:2]]
[2022.01.29-15.33.09:433][  0]LogConfig: Setting CVar [[r.HairStrands.SkyAO.SampleCount:4]]
[2022.01.29-15.33.09:433][  0]LogConfig: Setting CVar [[r.HairStrands.Visibility.MSAA.SamplePerPixel:4]]
[2022.01.29-15.33.09:439][  0]LogInit: Selected Device Profile: [Windows]
[2022.01.29-15.33.09:443][  0]LogInit: Applying CVar settings loaded from the selected device profile: [Windows]
[2022.01.29-15.33.09:450][  0]LogHAL: Display: Platform has ~ 32 GB [34234134528 / 34359738368 / 32], which maps to Largest [LargestMinGB=32, LargerMinGB=12, DefaultMinGB=8, SmallerMinGB=6, SmallestMinGB=0)
[2022.01.29-15.33.09:450][  0]LogInit: Going up to parent DeviceProfile []
[2022.01.29-15.33.09:457][  0]LogConfig: Applying CVar settings from Section [ViewDistanceQuality@3] File [C:/Users/DORUK SASMAZ/Documents/Unreal Projects/LevelBuild/Saved/Config/Windows/Scalability.ini]
[2022.01.29-15.33.09:457][  0]LogConfig: Setting CVar [[r.SkeletalMeshLODBias:0]]
[2022.01.29-15.33.09:457][  0]LogConfig: Setting CVar [[r.ViewDistanceScale:1.0]]
[2022.01.29-15.33.09:457][  0]LogConfig: Applying CVar settings from Section [AntiAliasingQuality@3] File [C:/Users/DORUK SASMAZ/Documents/Unreal Projects/LevelBuild/Saved/Config/Windows/Scalability.ini]
[2022.01.29-15.33.09:457][  0]LogConfig: Setting CVar [[r.PostProcessAAQuality:4]]
[2022.01.29-15.33.09:457][  0]LogConfig: Applying CVar settings from Section [ShadowQuality@3] File [C:/Users/DORUK SASMAZ/Documents/Unreal Projects/LevelBuild/Saved/Config/Windows/Scalability.ini]
[2022.01.29-15.33.09:457][  0]LogConfig: Setting CVar [[r.LightFunctionQuality:1]]
[2022.01.29-15.33.09:458][  0]LogConfig: Setting CVar [[r.ShadowQuality:5]]
[2022.01.29-15.33.09:458][  0]LogConfig: Setting CVar [[r.Shadow.CSM.MaxCascades:10]]
[2022.01.29-15.33.09:458][  0]LogConfig: Setting CVar [[r.Shadow.MaxResolution:2048]]
[2022.01.29-15.33.09:458][  0]LogConfig: Setting CVar [[r.Shadow.MaxCSMResolution:2048]]
[2022.01.29-15.33.09:458][  0]LogConfig: Setting CVar [[r.Shadow.RadiusThreshold:0.01]]
[2022.01.29-15.33.09:458][  0]LogConfig: Setting CVar [[r.Shadow.DistanceScale:1.0]]
[2022.01.29-15.33.09:458][  0]LogConfig: Setting CVar [[r.Shadow.CSM.TransitionScale:1.0]]
[2022.01.29-15.33.09:458][  0]LogConfig: Setting CVar [[r.Shadow.PreShadowResolutionFactor:1.0]]
[2022.01.29-15.33.09:458][  0]LogConfig: Setting CVar [[r.DistanceFieldShadowing:1]]
[2022.01.29-15.33.09:458][  0]LogConfig: Setting CVar [[r.DistanceFieldAO:1]]
[2022.01.29-15.33.09:458][  0]LogConfig: Setting CVar [[r.AOQuality:2]]
[2022.01.29-15.33.09:458][  0]LogConfig: Setting CVar [[r.VolumetricFog:1]]
[2022.01.29-15.33.09:458][  0]LogConfig: Setting CVar [[r.VolumetricFog.GridPixelSize:8]]
[2022.01.29-15.33.09:458][  0]LogConfig: Setting CVar [[r.VolumetricFog.GridSizeZ:128]]
[2022.01.29-15.33.09:458][  0]LogConfig: Setting CVar [[r.VolumetricFog.HistoryMissSupersampleCount:4]]
[2022.01.29-15.33.09:458][  0]LogConfig: Setting CVar [[r.LightMaxDrawDistanceScale:1]]
[2022.01.29-15.33.09:458][  0]LogConfig: Setting CVar [[r.CapsuleShadows:1]]
[2022.01.29-15.33.09:458][  0]LogConfig: Applying CVar settings from Section [PostProcessQuality@3] File [C:/Users/DORUK SASMAZ/Documents/Unreal Projects/LevelBuild/Saved/Config/Windows/Scalability.ini]
[2022.01.29-15.33.09:458][  0]LogConfig: Setting CVar [[r.MotionBlurQuality:4]]
[2022.01.29-15.33.09:458][  0]LogConfig: Setting CVar [[r.AmbientOcclusionMipLevelFactor:0.4]]
[2022.01.29-15.33.09:458][  0]LogConfig: Setting CVar [[r.AmbientOcclusionMaxQuality:100]]
[2022.01.29-15.33.09:458][  0]LogConfig: Setting CVar [[r.AmbientOcclusionLevels:-1]]
[2022.01.29-15.33.09:458][  0]LogConfig: Setting CVar [[r.AmbientOcclusionRadiusScale:1.0]]
[2022.01.29-15.33.09:458][  0]LogConfig: Setting CVar [[r.DepthOfFieldQuality:2]]
[2022.01.29-15.33.09:458][  0]LogConfig: Setting CVar [[r.RenderTargetPoolMin:400]]
[2022.01.29-15.33.09:458][  0]LogConfig: Setting CVar [[r.LensFlareQuality:2]]
[2022.01.29-15.33.09:458][  0]LogConfig: Setting CVar [[r.SceneColorFringeQuality:1]]
[2022.01.29-15.33.09:458][  0]LogConfig: Setting CVar [[r.EyeAdaptationQuality:2]]
[2022.01.29-15.33.09:458][  0]LogConfig: Setting CVar [[r.BloomQuality:5]]
[2022.01.29-15.33.09:458][  0]LogConfig: Setting CVar [[r.FastBlurThreshold:100]]
[2022.01.29-15.33.09:458][  0]LogConfig: Setting CVar [[r.Upscale.Quality:3]]
[2022.01.29-15.33.09:458][  0]LogConfig: Setting CVar [[r.Tonemapper.GrainQuantization:1]]
[2022.01.29-15.33.09:458][  0]LogConfig: Setting CVar [[r.LightShaftQuality:1]]
[2022.01.29-15.33.09:458][  0]LogConfig: Setting CVar [[r.Filter.SizeScale:1]]
[2022.01.29-15.33.09:458][  0]LogConfig: Setting CVar [[r.Tonemapper.Quality:5]]
[2022.01.29-15.33.09:458][  0]LogConfig: Setting CVar [[r.DOF.Gather.AccumulatorQuality:1        ; higher gathering accumulator quality]]
[2022.01.29-15.33.09:458][  0]LogConfig: Setting CVar [[r.DOF.Gather.PostfilterMethod:1          ; Median3x3 postfilering method]]
[2022.01.29-15.33.09:458][  0]LogConfig: Setting CVar [[r.DOF.Gather.EnableBokehSettings:0       ; no bokeh simulation when gathering]]
[2022.01.29-15.33.09:458][  0]LogConfig: Setting CVar [[r.DOF.Gather.RingCount:4                 ; medium number of samples when gathering]]
[2022.01.29-15.33.09:458][  0]LogConfig: Setting CVar [[r.DOF.Scatter.ForegroundCompositing:1    ; additive foreground scattering]]
[2022.01.29-15.33.09:458][  0]LogConfig: Setting CVar [[r.DOF.Scatter.BackgroundCompositing:2    ; additive background scattering]]
[2022.01.29-15.33.09:458][  0]LogConfig: Setting CVar [[r.DOF.Scatter.EnableBokehSettings:1      ; bokeh simulation when scattering]]
[2022.01.29-15.33.09:458][  0]LogConfig: Setting CVar [[r.DOF.Scatter.MaxSpriteRatio:0.1         ; only a maximum of 10% of scattered bokeh]]
[2022.01.29-15.33.09:458][  0]LogConfig: Setting CVar [[r.DOF.Recombine.Quality:1                ; cheap slight out of focus]]
[2022.01.29-15.33.09:458][  0]LogConfig: Setting CVar [[r.DOF.Recombine.EnableBokehSettings:0    ; no bokeh simulation on slight out of focus]]
[2022.01.29-15.33.09:458][  0]LogConfig: Setting CVar [[r.DOF.TemporalAAQuality:1                ; more stable temporal accumulation]]
[2022.01.29-15.33.09:458][  0]LogConfig: Setting CVar [[r.DOF.Kernel.MaxForegroundRadius:0.025]]
[2022.01.29-15.33.09:458][  0]LogConfig: Setting CVar [[r.DOF.Kernel.MaxBackgroundRadius:0.025]]
[2022.01.29-15.33.09:458][  0]LogConfig: Applying CVar settings from Section [TextureQuality@3] File [C:/Users/DORUK SASMAZ/Documents/Unreal Projects/LevelBuild/Saved/Config/Windows/Scalability.ini]
[2022.01.29-15.33.09:458][  0]LogConfig: Setting CVar [[r.Streaming.MipBias:0]]
[2022.01.29-15.33.09:458][  0]LogConfig: Setting CVar [[r.Streaming.AmortizeCPUToGPUCopy:0]]
[2022.01.29-15.33.09:458][  0]LogConfig: Setting CVar [[r.Streaming.MaxNumTexturesToStreamPerFrame:0]]
[2022.01.29-15.33.09:458][  0]LogConfig: Setting CVar [[r.Streaming.Boost:1]]
[2022.01.29-15.33.09:458][  0]LogConfig: Setting CVar [[r.MaxAnisotropy:8]]
[2022.01.29-15.33.09:458][  0]LogConfig: Setting CVar [[r.VT.MaxAnisotropy:8]]
[2022.01.29-15.33.09:458][  0]LogConfig: Setting CVar [[r.Streaming.LimitPoolSizeToVRAM:0]]
[2022.01.29-15.33.09:458][  0]LogConfig: Setting CVar [[r.Streaming.PoolSize:1000]]
[2022.01.29-15.33.09:458][  0]LogConfig: Setting CVar [[r.Streaming.MaxEffectiveScreenSize:0]]
[2022.01.29-15.33.09:458][  0]LogConfig: Applying CVar settings from Section [EffectsQuality@3] File [C:/Users/DORUK SASMAZ/Documents/Unreal Projects/LevelBuild/Saved/Config/Windows/Scalability.ini]
[2022.01.29-15.33.09:458][  0]LogConfig: Setting CVar [[r.TranslucencyLightingVolumeDim:64]]
[2022.01.29-15.33.09:458][  0]LogConfig: Setting CVar [[r.RefractionQuality:2]]
[2022.01.29-15.33.09:458][  0]LogConfig: Setting CVar [[r.SSR.Quality:3]]
[2022.01.29-15.33.09:458][  0]LogConfig: Setting CVar [[r.SSR.HalfResSceneColor:0]]
[2022.01.29-15.33.09:458][  0]LogConfig: Setting CVar [[r.SceneColorFormat:4]]
[2022.01.29-15.33.09:458][  0]LogConfig: Setting CVar [[r.DetailMode:2]]
[2022.01.29-15.33.09:458][  0]LogConfig: Setting CVar [[r.TranslucencyVolumeBlur:1]]
[2022.01.29-15.33.09:458][  0]LogConfig: Setting CVar [[r.MaterialQualityLevel:1 ; High quality]]
[2022.01.29-15.33.09:458][  0]LogConfig: Setting CVar [[r.AnisotropicMaterials:1]]
[2022.01.29-15.33.09:458][  0]LogConfig: Setting CVar [[r.SSS.Scale:1]]
[2022.01.29-15.33.09:458][  0]LogConfig: Setting CVar [[r.SSS.SampleSet:2]]
[2022.01.29-15.33.09:458][  0]LogConfig: Setting CVar [[r.SSS.Quality:1]]
[2022.01.29-15.33.09:458][  0]LogConfig: Setting CVar [[r.SSS.HalfRes:0]]
[2022.01.29-15.33.09:458][  0]LogConfig: Setting CVar [[r.SSGI.Quality:3]]
[2022.01.29-15.33.09:458][  0]LogConfig: Setting CVar [[r.EmitterSpawnRateScale:1.0]]
[2022.01.29-15.33.09:458][  0]LogConfig: Setting CVar [[r.ParticleLightQuality:2]]
[2022.01.29-15.33.09:458][  0]LogConfig: Setting CVar [[r.SkyAtmosphere.AerialPerspectiveLUT.FastApplyOnOpaque:1 ; Always have FastSkyLUT 1 in this case to avoid wrong sky]]
[2022.01.29-15.33.09:458][  0]LogConfig: Setting CVar [[r.SkyAtmosphere.AerialPerspectiveLUT.SampleCountMaxPerSlice:4]]
[2022.01.29-15.33.09:458][  0]LogConfig: Setting CVar [[r.SkyAtmosphere.AerialPerspectiveLUT.DepthResolution:16.0]]
[2022.01.29-15.33.09:458][  0]LogConfig: Setting CVar [[r.SkyAtmosphere.FastSkyLUT:1]]
[2022.01.29-15.33.09:458][  0]LogConfig: Setting CVar [[r.SkyAtmosphere.FastSkyLUT.SampleCountMin:4.0]]
[2022.01.29-15.33.09:458][  0]LogConfig: Setting CVar [[r.SkyAtmosphere.FastSkyLUT.SampleCountMax:128.0]]
[2022.01.29-15.33.09:458][  0]LogConfig: Setting CVar [[r.SkyAtmosphere.SampleCountMin:4.0]]
[2022.01.29-15.33.09:458][  0]LogConfig: Setting CVar [[r.SkyAtmosphere.SampleCountMax:128.0]]
[2022.01.29-15.33.09:458][  0]LogConfig: Setting CVar [[r.SkyAtmosphere.TransmittanceLUT.UseSmallFormat:0]]
[2022.01.29-15.33.09:458][  0]LogConfig: Setting CVar [[r.SkyAtmosphere.TransmittanceLUT.SampleCount:10.0]]
[2022.01.29-15.33.09:458][  0]LogConfig: Setting CVar [[r.SkyAtmosphere.MultiScatteringLUT.SampleCount:15.0]]
[2022.01.29-15.33.09:458][  0]LogConfig: Setting CVar [[r.SkyLight.RealTimeReflectionCapture:1]]
[2022.01.29-15.33.09:458][  0]LogConfig: Applying CVar settings from Section [FoliageQuality@3] File [C:/Users/DORUK SASMAZ/Documents/Unreal Projects/LevelBuild/Saved/Config/Windows/Scalability.ini]
[2022.01.29-15.33.09:458][  0]LogConfig: Setting CVar [[foliage.DensityScale:1.0]]
[2022.01.29-15.33.09:458][  0]LogConfig: Setting CVar [[grass.DensityScale:1.0]]
[2022.01.29-15.33.09:458][  0]LogConfig: Applying CVar settings from Section [ShadingQuality@3] File [C:/Users/DORUK SASMAZ/Documents/Unreal Projects/LevelBuild/Saved/Config/Windows/Scalability.ini]
[2022.01.29-15.33.09:458][  0]LogConfig: Setting CVar [[r.HairStrands.SkyLighting.IntegrationType:2]]
[2022.01.29-15.33.09:458][  0]LogConfig: Setting CVar [[r.HairStrands.SkyAO.SampleCount:4]]
[2022.01.29-15.33.09:458][  0]LogConfig: Setting CVar [[r.HairStrands.Visibility.MSAA.SamplePerPixel:4]]
[2022.01.29-15.33.09:458][  0]LogConfig: Applying CVar settings from Section [Startup] File [../../../Engine/Config/ConsoleVariables.ini]
[2022.01.29-15.33.09:484][  0]LogConfig: Setting CVar [[net.UseAdaptiveNetUpdateFrequency:0]]
[2022.01.29-15.33.09:484][  0]LogConfig: Setting CVar [[p.chaos.AllowCreatePhysxBodies:1]]
[2022.01.29-15.33.09:484][  0]LogConfig: Setting CVar [[fx.SkipVectorVMBackendOptimizations:1]]
[2022.01.29-15.33.09:484][  0]LogConfig: Applying CVar settings from Section [ConsoleVariables] File [C:/Users/DORUK SASMAZ/Documents/Unreal Projects/LevelBuild/Saved/Config/Windows/Engine.ini]
[2022.01.29-15.33.09:484][  0]LogConfig: Applying CVar settings from Section [ConsoleVariables] File [C:/Users/DORUK SASMAZ/Documents/Unreal Projects/LevelBuild/Saved/Config/Windows/Editor.ini]
[2022.01.29-15.33.09:495][  0]LogInit: Computer: DESKTOP-6O4UVT1
[2022.01.29-15.33.09:495][  0]LogInit: User: DORUKSASMAZ
[2022.01.29-15.33.09:495][  0]LogInit: CPU Page size=4096, Cores=8
[2022.01.29-15.33.09:495][  0]LogInit: High frequency timer resolution =10.000000 MHz
[2022.01.29-15.33.09:495][  0]LogMemory: Memory total: Physical=31.9GB (32GB approx)
[2022.01.29-15.33.09:495][  0]LogMemory: Platform Memory Stats for Windows
[2022.01.29-15.33.09:495][  0]LogMemory: Process Physical Memory: 148.55 MB used, 148.56 MB peak
[2022.01.29-15.33.09:495][  0]LogMemory: Process Virtual Memory: 132.93 MB used, 132.93 MB peak
[2022.01.29-15.33.09:495][  0]LogMemory: Physical Memory: 12167.19 MB used,  20481.02 MB free, 32648.21 MB total
[2022.01.29-15.33.09:495][  0]LogMemory: Virtual Memory: 134196040.00 MB used,  21689.39 MB free, 134217728.00 MB total
[2022.01.29-15.33.09:501][  0]LogWindows: WindowsPlatformFeatures enabled
[2022.01.29-15.33.10:222][  0]LogInit: Physics initialised using underlying interface: PhysX
[2022.01.29-15.33.10:254][  0]LogInit: Using OS detected language (en-US).
[2022.01.29-15.33.10:254][  0]LogInit: Using OS detected locale (en-US).
[2022.01.29-15.33.10:413][  0]LogTextLocalizationManager: No specific localization for 'en-US' exists, so the 'en' localization will be used.
[2022.01.29-15.33.10:947][  0]LogInit: Setting process to per monitor DPI aware
[2022.01.29-15.33.11:190][  0]LogWindowsTextInputMethodSystem: Display: IME system deactivated.
[2022.01.29-15.33.11:589][  0]LogSlate: New Slate User Created.  User Index 0, Is Virtual User: 0
[2022.01.29-15.33.11:589][  0]LogSlate: Slate User Registered.  User Index 0, Is Virtual User: 0
[2022.01.29-15.33.14:647][  0]LogD3D11RHI: Loaded GFSDK_Aftermath_Lib.x64.dll
[2022.01.29-15.33.14:844][  0]LogHMD: Failed to initialize OpenVR with code 126
[2022.01.29-15.33.14:844][  0]LogD3D11RHI: D3D11 min allowed feature level: 11_0
[2022.01.29-15.33.14:844][  0]LogD3D11RHI: D3D11 max allowed feature level: 11_0
[2022.01.29-15.33.14:844][  0]LogD3D11RHI: D3D11 adapters:
[2022.01.29-15.33.15:088][  0]LogD3D11RHI:    0. 'NVIDIA GeForce RTX 3070' (Feature Level 11_0)
[2022.01.29-15.33.15:088][  0]LogD3D11RHI:       8043/0/16324 MB DedicatedVideo/DedicatedSystem/SharedSystem, Outputs:2, VendorId:0x10de
[2022.01.29-15.33.15:090][  0]LogD3D11RHI:    1. 'Microsoft Basic Render Driver' (Feature Level 11_0)
[2022.01.29-15.33.15:090][  0]LogD3D11RHI:       0/0/16324 MB DedicatedVideo/DedicatedSystem/SharedSystem, Outputs:0, VendorId:0x1414
[2022.01.29-15.33.15:090][  0]LogD3D11RHI: Chosen D3D11 Adapter:
[2022.01.29-15.33.15:090][  0]LogD3D11RHI:     Description : NVIDIA GeForce RTX 3070
[2022.01.29-15.33.15:090][  0]LogD3D11RHI:     VendorId    : 10de
[2022.01.29-15.33.15:090][  0]LogD3D11RHI:     DeviceId    : 2484
[2022.01.29-15.33.15:090][  0]LogD3D11RHI:     SubSysId    : 87bc1043
[2022.01.29-15.33.15:090][  0]LogD3D11RHI:     Revision    : 00a1
[2022.01.29-15.33.15:090][  0]LogD3D11RHI:     DedicatedVideoMemory : 8433696768 bytes
[2022.01.29-15.33.15:090][  0]LogD3D11RHI:     DedicatedSystemMemory : 0 bytes
[2022.01.29-15.33.15:090][  0]LogD3D11RHI:     SharedSystemMemory : 17117067264 bytes
[2022.01.29-15.33.15:090][  0]LogD3D11RHI:     AdapterLuid : 0 66430
[2022.01.29-15.33.15:096][  0]LogD3D11RHI: Creating new Direct3DDevice
[2022.01.29-15.33.15:096][  0]LogD3D11RHI:     GPU DeviceId: 0x2484 (for the marketing name, search the web for "GPU Device Id")
[2022.01.29-15.33.15:096][  0]LogWindows: EnumDisplayDevices:
[2022.01.29-15.33.15:096][  0]LogWindows:    0. 'NVIDIA GeForce RTX 3070' (P:1 D:1)
[2022.01.29-15.33.15:096][  0]LogWindows:    1. 'NVIDIA GeForce RTX 3070' (P:0 D:1)
[2022.01.29-15.33.15:096][  0]LogWindows:    2. 'NVIDIA GeForce RTX 3070' (P:0 D:0)
[2022.01.29-15.33.15:097][  0]LogWindows:    3. 'NVIDIA GeForce RTX 3070' (P:0 D:0)
[2022.01.29-15.33.15:097][  0]LogWindows: DebugString: FoundDriverCount:4 
[2022.01.29-15.33.15:097][  0]LogD3D11RHI:     Adapter Name: NVIDIA GeForce RTX 3070
[2022.01.29-15.33.15:097][  0]LogD3D11RHI:   Driver Version: 496.49 (internal:30.0.14.9649, unified:496.49)
[2022.01.29-15.33.15:097][  0]LogD3D11RHI:      Driver Date: 10-20-2021
[2022.01.29-15.33.15:097][  0]LogRHI: Texture pool is 5630 MB (70% of 8043 MB)
[2022.01.29-15.33.15:097][  0]LogD3D11RHI: Creating D3DDevice using adapter:
[2022.01.29-15.33.15:097][  0]LogD3D11RHI:     Description : NVIDIA GeForce RTX 3070
[2022.01.29-15.33.15:097][  0]LogD3D11RHI:     VendorId    : 10de
[2022.01.29-15.33.15:097][  0]LogD3D11RHI:     DeviceId    : 2484
[2022.01.29-15.33.15:097][  0]LogD3D11RHI:     SubSysId    : 87bc1043
[2022.01.29-15.33.15:097][  0]LogD3D11RHI:     Revision    : 00a1
[2022.01.29-15.33.15:097][  0]LogD3D11RHI:     DedicatedVideoMemory : 8433696768 bytes
[2022.01.29-15.33.15:097][  0]LogD3D11RHI:     DedicatedSystemMemory : 0 bytes
[2022.01.29-15.33.15:097][  0]LogD3D11RHI:     SharedSystemMemory : 17117067264 bytes
[2022.01.29-15.33.15:097][  0]LogD3D11RHI:     AdapterLuid : 0 66430
[2022.01.29-15.33.15:157][  0]LogD3D11RHI: RHI has support for 64 bit atomics
[2022.01.29-15.33.15:158][  0]LogD3D11RHI: Async texture creation enabled
[2022.01.29-15.33.15:158][  0]LogD3D11RHI: Array index from any shader is supported
[2022.01.29-15.33.15:159][  0]LogD3D11RHI: HDR output is supported on display 0 (NvId: 0x80061085).
[2022.01.29-15.33.15:458][  0]LogD3D11RHI: GPU Timing Frequency: 1000.000000 (Debug: 2 2)
[2022.01.29-15.33.15:627][  0]LogRHI: GeForceNow SDK initialized: 1
[2022.01.29-15.33.16:435][  0]LogTargetPlatformManager: Display: Loaded TargetPlatform 'AllDesktop'
[2022.01.29-15.33.16:494][  0]LogTargetPlatformManager: Display: Loaded TargetPlatform 'Android'
[2022.01.29-15.33.16:494][  0]LogTargetPlatformManager: Display: Loaded TargetPlatform 'Android_ASTC'
[2022.01.29-15.33.16:494][  0]LogTargetPlatformManager: Display: Loaded TargetPlatform 'Android_DXT'
[2022.01.29-15.33.16:494][  0]LogTargetPlatformManager: Display: Loaded TargetPlatform 'Android_ETC2'
[2022.01.29-15.33.16:494][  0]LogTargetPlatformManager: Display: Loaded TargetPlatform 'AndroidClient'
[2022.01.29-15.33.16:494][  0]LogTargetPlatformManager: Display: Loaded TargetPlatform 'Android_ASTCClient'
[2022.01.29-15.33.16:494][  0]LogTargetPlatformManager: Display: Loaded TargetPlatform 'Android_DXTClient'
[2022.01.29-15.33.16:494][  0]LogTargetPlatformManager: Display: Loaded TargetPlatform 'Android_ETC2Client'
[2022.01.29-15.33.16:494][  0]LogTargetPlatformManager: Display: Loaded TargetPlatform 'Android_Multi'
[2022.01.29-15.33.16:494][  0]LogTargetPlatformManager: Display: Loaded TargetPlatform 'Android_MultiClient'
[2022.01.29-15.33.16:600][  0]LogTargetPlatformManager: Display: Loaded TargetPlatform 'IOSClient'
[2022.01.29-15.33.16:600][  0]LogTargetPlatformManager: Display: Loaded TargetPlatform 'IOS'
[2022.01.29-15.33.16:679][  0]LogTargetPlatformManager: Display: Loaded TargetPlatform 'Linux'
[2022.01.29-15.33.16:716][  0]LogTargetPlatformManager: Display: Loaded TargetPlatform 'LinuxNoEditor'
[2022.01.29-15.33.16:745][  0]LogTargetPlatformManager: Display: Loaded TargetPlatform 'LinuxClient'
[2022.01.29-15.33.16:769][  0]LogTargetPlatformManager: Display: Loaded TargetPlatform 'LinuxServer'
[2022.01.29-15.33.16:804][  0]LogTargetPlatformManager: Display: Loaded TargetPlatform 'LinuxAArch64NoEditor'
[2022.01.29-15.33.16:838][  0]LogTargetPlatformManager: Display: Loaded TargetPlatform 'LinuxAArch64Client'
[2022.01.29-15.33.16:887][  0]LogTargetPlatformManager: Display: Loaded TargetPlatform 'LinuxAArch64Server'
[2022.01.29-15.33.16:971][  0]LogTargetPlatformManager: Display: Loaded TargetPlatform 'Lumin'
[2022.01.29-15.33.16:971][  0]LogTargetPlatformManager: Display: Loaded TargetPlatform 'LuminClient'
[2022.01.29-15.33.17:054][  0]LogTargetPlatformManager: Display: Loaded TargetPlatform 'MacNoEditor'
[2022.01.29-15.33.17:086][  0]LogTargetPlatformManager: Display: Loaded TargetPlatform 'Mac'
[2022.01.29-15.33.17:140][  0]LogTargetPlatformManager: Display: Loaded TargetPlatform 'MacClient'
[2022.01.29-15.33.17:155][  0]LogTargetPlatformManager: Display: Loaded TargetPlatform 'MacServer'
[2022.01.29-15.33.17:213][  0]LogTargetPlatformManager: Display: Loaded TargetPlatform 'TVOSClient'
[2022.01.29-15.33.17:213][  0]LogTargetPlatformManager: Display: Loaded TargetPlatform 'TVOS'
[2022.01.29-15.33.17:323][  0]LogTargetPlatformManager: Display: Loaded TargetPlatform 'WindowsNoEditor'
[2022.01.29-15.33.17:348][  0]LogTargetPlatformManager: Display: Loaded TargetPlatform 'Windows'
[2022.01.29-15.33.17:393][  0]LogTargetPlatformManager: Display: Loaded TargetPlatform 'WindowsClient'
[2022.01.29-15.33.17:438][  0]LogTargetPlatformManager: Display: Loaded TargetPlatform 'WindowsServer'
[2022.01.29-15.33.17:438][  0]LogTargetPlatformManager: Display: Building Assets For Windows
[2022.01.29-15.33.17:677][  0]LogAudioDebug: Display: Lib vorbis DLL was dynamically loaded.
[2022.01.29-15.33.18:141][  0]LogTextureFormatOodle: Display: Oodle Texture 2.9.0 init RDO Off
[2022.01.29-15.33.18:859][  0]LogRendererCore: Ray tracing is disabled. Reason: r.RayTracing=0.
[2022.01.29-15.33.18:876][  0]LogShaderCompilers: Guid format shader working directory is -5 characters bigger than the processId version (C:/Users/DORUK SASMAZ/Documents/Unreal Projects/LevelBuild/Intermediate/Shaders/WorkingDirectory/6076/).
[2022.01.29-15.33.18:876][  0]LogShaderCompilers: Cleaned the shader compiler working directory 'C:/Users/DORUK SASMAZ/AppData/Local/Temp/UnrealShaderWorkingDir/68E0A0574C0CD890BDB2498710F92725/'.
[2022.01.29-15.33.18:879][  0]LogXGEController: Cannot use XGE Controller as Incredibuild is not installed on this machine.
[2022.01.29-15.33.18:879][  0]LogShaderCompilers: Cannot use XGE Shader Compiler as Incredibuild is not installed on this machine.
[2022.01.29-15.33.18:879][  0]LogShaderCompilers: Display: Using Local Shader Compiler.
[2022.01.29-15.33.22:577][  0]LogDerivedDataCache: Display: Max Cache Size: 512 MB
[2022.01.29-15.33.22:798][  0]LogDerivedDataCache: Loaded boot cache 0.22s 94MB C:/Users/DORUK SASMAZ/AppData/Local/UnrealEngine/4.27/DerivedDataCache/Boot.ddc.
[2022.01.29-15.33.22:798][  0]LogDerivedDataCache: Display: Loaded Boot cache: C:/Users/DORUK SASMAZ/AppData/Local/UnrealEngine/4.27/DerivedDataCache/Boot.ddc
[2022.01.29-15.33.22:798][  0]LogDerivedDataCache: FDerivedDataBackendGraph:  Pak pak cache file C:/Users/DORUK SASMAZ/Documents/Unreal Projects/LevelBuild/DerivedDataCache/DDC.ddp not found, will not use a pak cache.
[2022.01.29-15.33.22:798][  0]LogDerivedDataCache: Unable to find inner node Pak for hierarchical cache Hierarchy.
[2022.01.29-15.33.22:798][  0]LogDerivedDataCache: FDerivedDataBackendGraph:  CompressedPak pak cache file C:/Users/DORUK SASMAZ/Documents/Unreal Projects/LevelBuild/DerivedDataCache/Compressed.ddp not found, will not use a pak cache.
[2022.01.29-15.33.22:798][  0]LogDerivedDataCache: Unable to find inner node CompressedPak for hierarchical cache Hierarchy.
[2022.01.29-15.33.22:882][  0]LogDerivedDataCache: Display: Pak cache opened for reading ../../../Engine/DerivedDataCache/Compressed.ddp.
[2022.01.29-15.33.22:882][  0]LogDerivedDataCache: FDerivedDataBackendGraph:  EnterprisePak pak cache file ../../../Enterprise/DerivedDataCache/Compressed.ddp not found, will not use a pak cache.
[2022.01.29-15.33.22:882][  0]LogDerivedDataCache: Unable to find inner node EnterprisePak for hierarchical cache Hierarchy.
[2022.01.29-15.33.22:936][  0]LogDerivedDataCache: Speed tests for C:/Users/DORUK SASMAZ/AppData/Local/UnrealEngine/Common/DerivedDataCache took 0.05 seconds
[2022.01.29-15.33.22:936][  0]LogDerivedDataCache: Display: Performance to C:/Users/DORUK SASMAZ/AppData/Local/UnrealEngine/Common/DerivedDataCache: Latency=0.27ms. RandomReadSpeed=22.30MBs, RandomWriteSpeed=113.29MBs. Assigned SpeedClass 'Local'
[2022.01.29-15.33.22:936][  0]LogDerivedDataCache: Using Local data cache path C:/Users/DORUK SASMAZ/AppData/Local/UnrealEngine/Common/DerivedDataCache: Writable
[2022.01.29-15.33.22:936][  0]LogDerivedDataCache: Shared data cache path not found in *engine.ini, will not use an Shared cache.
[2022.01.29-15.33.22:936][  0]LogDerivedDataCache: Unable to find inner node Shared for hierarchical cache Hierarchy.
[2022.01.29-15.33.23:053][  0]LogSlate: Using FreeType 2.10.0
[2022.01.29-15.33.23:172][  0]LogSlate: SlateFontServices - WITH_FREETYPE: 1, WITH_HARFBUZZ: 1
[2022.01.29-15.33.24:075][  0]LogAssetRegistry: FAssetRegistry took 0.0161 seconds to start up
[2022.01.29-15.33.26:906][  0]LogInit: Selected Device Profile: [Windows]
[2022.01.29-15.33.26:906][  0]LogInit: Active device profile: [000002B0D3844B00][000002B0D1D1D5C0 49] Windows
[2022.01.29-15.33.26:906][  0]LogInit: Profiles: [000002B0D3844B00][000002B0D1D1D5C0 49] Windows, [000002B0D381A200][000002B0C791F740 49] WindowsNoEditor, [000002B0D3845900][000002B0C79238C0 49] WindowsServer, [000002B0D381AF00][000002B0C7927A40 49] WindowsClient, [000002B0D3847C00][000002B0C792BBC0 49] IOS, [000002B0D3818F00][000002B0C792E1C0 49] iPadAir, [000002B0D3847E00][000002B0C7932340 49] iPadAir2, [000002B0D37C4D00][000002B0D462C600 49] IPadPro, [000002B0D37C4E00][000002B0D4628640 49] iPadAir3, [000002B0D381BC00][000002B0C791A780 49] iPadAir4, [000002B0D37C7700][000002B0D46308C0 49] iPadMini2, [000002B0D381B200][000002B0D4634A00 49] iPadMini3, [000002B0D37C7900][000002B0D4638B40 49] iPadMini4, [000002B0D381B600][000002B0D4640CC0 49] iPadMini5, [000002B0D37CC600][000002B0D4648F80 49] iPhone6, [000002B0D37CC700][000002B0D4644FC0 49] iPodTouch6, [000002B0D3846600][000002B0D4651280 49] iPhone7, [000002B0D3846800][000002B0D464D2C0 49] iPodTouch7, [000002B0D37CC100][000002B0D4655440 49] iPhone5S, [000002B0D37C4700][000002B0D46595C0 49] iPhone6Plus, [000002B0D37CE500][000002B0D465D740 49] iPhone6S, [000002B0D37C5400][000002B0D46618C0 49] iPhone6SPlus, [000002B0D37CFB00][000002B0D4665A40 49] iPhone7Plus, [000002B0D37C7600][000002B0D4669BC0 49] iPhoneSE, [000002B0D3846C00][000002B0D466C1C0 49] iPhone8, [000002B0D37C4600][000002B0D4670340 49] iPhone8Plus, [000002B0D3846100][000002B0D46744C0 49] iPhoneX, [000002B0D37C6900][000002B0D4678640 49] iPhoneXS, [000002B0D3847D00][000002B0D467C7C0 49] iPhoneXSMax, [000002B0D37C6E00][000002B0D4680940 49] iPhoneXR, [000002B0D3847F00][000002B0D463CA80 49] iPhone11, [000002B0D37C5F00][000002B0D4684BC0 49] iPhone11Pro, [000002B0D3844600][000002B0D4688D00 49] iPhone11ProMax, [000002B0D37C6000][000002B0D46A0E80 49] iPhoneSE2, [000002B0D3847A00][000002B0D46A5000 49] iPhone12Mini, [000002B0D37C6700][000002B0D46A9180 49] iPhone12, [000002B0D3846A00][000002B0D46AD300 49] iPhone12Pro, [000002B0D37C4500][000002B0D46B1480 49] iPhone12ProMax, [000002B0D3847900][000002B0D46B5600 49] iPadPro105, [000002B0D37C5800][000002B0D46B9780 49] iPadPro129, [000002B0D3844C00][000002B0D46BD900 49] iPadPro97, [000002B0D37C6400][000002B0D46C1A80 49] iPadPro2_129, [000002B0D3844800][000002B0D46C5C00 49] iPad5, [000002B0D37C4400][000002B0D46C8200 49] iPad6, [000002B0D3845B00][000002B0D46CC380 49] iPad7, [000002B0D37C7500][000002B0D46D0500 49] iPad8, [000002B0D3845F00][000002B0D46D4680 49] iPadPro11, [000002B0D37C5A00][000002B0D46D8800 49] iPadPro2_11, [000002B0D3846500][000002B0D46DC980 49] iPadPro3_129, [000002B0D37C6200][000002B0D46E0B00 49] iPadPro4_129, [000002B0D3845600][000002B0D468CC40 49] AppleTV, [000002B0D37C7D00][000002B0D46E4D80 49] AppleTV4K, [000002B0D3845A00][000002B0D46E8EC0 49] TVOS, [000002B0D37C4A00][000002B0D46F1040 49] Mac, [000002B0D3846400][000002B0D46F51C0 49] MacClient, [000002B0D37C6C00][000002B0D46F9340 49] MacNoEditor, [000002B0D3847500][000002B0D46FD4C0 49] MacServer, [000002B0D37C6300][000002B0D4701640 49] Linux, [000002B0D3844300][000002B0D47057C0 49] LinuxAArch64, [000002B0D37C6100][000002B0D4709940 49] LinuxNoEditor, [000002B0D3846300][000002B0D470DAC0 49] LinuxAArch64NoEditor, [000002B0D37C7C00][000002B0D47100C0 49] LinuxClient, [000002B0D3844F00][000002B0D4714240 49] LinuxAArch64Client, [000002B0D37C5200][000002B0D47183C0 49] LinuxServer, [000002B0D3847000][000002B0D471C540 49] LinuxAArch64Server, [000002B0D37C5600][000002B0D47206C0 49] Android, [000002B0D3845200][000002B0D4724840 49] Android_Low, [000002B0D37C7E00][000002B0D47289C0 49] Android_Mid, [000002B0D3844100][000002B0D472CB40 49] Android_High, [000002B0D37C6A00][000002B0D4730CC0 49] Android_Default, [000002B0D3845300][000002B0D46ECE00 49] Android_Adreno4xx, [000002B0D381A400][000002B0D4734F40 49] Android_Adreno5xx_Low, [000002B0D37CDC00][000002B0D4739080 49] Android_Adreno5xx, [000002B0D381BF00][000002B0D473D1C0 49] Android_Adreno6xx, [000002B0D37CE700][000002B0D4745340 49] Android_Adreno6xx_Vulkan, [000002B0D381B700][000002B0D47494C0 49] Android_Mali_T6xx, [000002B0D37CCF00][000002B0D474D640 49] Android_Mali_T7xx, [000002B0D3819C00][000002B0D47517C0 49] Android_Mali_T8xx, [000002B0D37CDF00][000002B0D4755940 49] Android_Mali_G71, [000002B0D381AD00][000002B0D4759AC0 49] Android_Mali_G72, [000002B0D37CEF00][000002B0D475C0C0 49] Android_Mali_G72_Vulkan, [000002B0D381A600][000002B0D4760240 49] Android_Mali_G76, [000002B0D37CE200][000002B0D47643C0 49] Android_Mali_G76_Vulkan, [000002B0D3818E00][000002B0D4768540 49] Android_Mali_G77, [000002B0D37CD400][000002B0D476C6C0 49] Android_Mali_G77_Vulkan, [000002B0D381B800][000002B0D4770840 49] Android_Mali_G78, [000002B0D37CD300][000002B0D47749C0 49] Android_Mali_G78_Vulkan, [000002B0D3819600][000002B0D4778B40 49] Android_Mali_G710, [000002B0D37CFD00][000002B0D477CCC0 49] Android_Mali_G710_Vulkan, [000002B0D3818700][000002B0D4780E40 49] Android_Vulkan_SM5, [000002B0D37CDB00][000002B0D4740F80 49] Android_PowerVR_G6xxx, [000002B0D3818A00][000002B0D47850C0 49] Android_PowerVR_GT7xxx, [000002B0D37CC200][000002B0D4789200 49] Android_PowerVR_GE8xxx, [000002B0D381B900][000002B0D478D340 49] Android_PowerVR_GM9xxx, [000002B0D37CCA00][000002B0D47954C0 49] Android_PowerVR_GM9xxx_Vulkan, [000002B0D3819000][000002B0D4799640 49] Android_TegraK1, [000002B0D37CD700][000002B0D479D7C0 49] Android_Unknown_Vulkan, [000002B0D3819900][000002B0D47A1940 49] Lumin, [000002B0D37CFC00][000002B0D47A5AC0 49] Lumin_Desktop, [000002B0D3819700][000002B0D47A80C0 49] HoloLens, 
[2022.01.29-15.33.28:234][  0]LogMeshReduction: Using QuadricMeshReduction for automatic static mesh reduction
[2022.01.29-15.33.28:234][  0]LogMeshReduction: Using SimplygonMeshReduction for automatic skeletal mesh reduction
[2022.01.29-15.33.28:234][  0]LogMeshReduction: Using ProxyLODMeshReduction for automatic mesh merging
[2022.01.29-15.33.28:234][  0]LogMeshReduction: No distributed automatic mesh merging module available
[2022.01.29-15.33.28:234][  0]LogMeshMerging: No distributed automatic mesh merging module available
[2022.01.29-15.33.28:637][  0]LogNetVersion: LevelBuild 1.0.0, NetCL: 17155196, EngineNetVer: 17, GameNetVer: 0 (Checksum: 3863828009)
[2022.01.29-15.33.38:535][  0]LogTexture: Default maximum texture size for cubemaps generated from long-lat sources has been changed from 512 to unlimited. In order to preserve old behaiour for '/Engine/MapTemplates/Sky/DaylightAmbientCubemap.DaylightAmbientCubemap', its maximum texture size has been explicitly set to 512.
[2022.01.29-15.33.39:062][  0]LogHMD: PokeAHoleMaterial loaded successfully
[2022.01.29-15.33.39:111][  0]LogUObjectArray: 17178 objects as part of root set at end of initial load.
[2022.01.29-15.33.39:111][  0]LogUObjectAllocator: 4302048 out of 0 bytes used by permanent object pool.
[2022.01.29-15.33.39:111][  0]LogUObjectArray: CloseDisregardForGC: 0/0 objects in disregard for GC pool
[2022.01.29-15.33.43:946][  0]LogPython: Using Python 3.7.7
[2022.01.29-15.33.45:521][  0]LogNiagaraDebuggerClient: Niagara Debugger Client Initialized | Session: CA0F5CDD40AFBF429FCAAA9B70F1B1BC | Instance: 4E3EF3084628C34E0959B2AE84FF8653 (DESKTOP-6O4UVT1-6076).
[2022.01.29-15.33.45:657][  0]LogUdpMessaging: Initializing bridge on interface 0.0.0.0:0 to multicast group 230.0.0.1:6666.
[2022.01.29-15.33.45:678][  0]LogTcpMessaging: Initializing TcpMessaging bridge
[2022.01.29-15.33.47:078][  0]SourceControl: Source control is disabled
[2022.01.29-15.33.47:078][  0]SourceControl: Source control is disabled
[2022.01.29-15.33.47:252][  0]SourceControl: Source control is disabled
[2022.01.29-15.33.47:277][  0]SourceControl: Source control is disabled
[2022.01.29-15.33.47:342][  0]SourceControl: Source control is disabled
[2022.01.29-15.33.47:568][  0]LogUProjectInfo: Found projects:
[2022.01.29-15.33.49:380][  0]LogOpenImageDenoise: OIDN starting up
[2022.01.29-15.33.49:665][  0]LogAndroidPermission: UAndroidPermissionCallbackProxy::GetInstance
[2022.01.29-15.33.49:942][  0]LogAudioCaptureCore: Display: No Audio Capture implementations found. Audio input will be silent.
[2022.01.29-15.33.49:942][  0]LogAudioCaptureCore: Display: No Audio Capture implementations found. Audio input will be silent.
[2022.01.29-15.33.51:239][  0]LogCollectionManager: Loaded 0 collections in 0.008755 seconds
[2022.01.29-15.33.51:289][  0]LogFileCache: Scanning file cache for directory 'C:/Users/DORUK SASMAZ/Documents/Unreal Projects/LevelBuild/Saved/Collections/' took 0.01s
[2022.01.29-15.33.51:289][  0]LogFileCache: Scanning file cache for directory 'C:/Users/DORUK SASMAZ/Documents/Unreal Projects/LevelBuild/Content/Developers/DORUKSASMAZ/Collections/' took 0.00s
[2022.01.29-15.33.51:289][  0]LogFileCache: Scanning file cache for directory 'C:/Users/DORUK SASMAZ/Documents/Unreal Projects/LevelBuild/Content/Collections/' took 0.00s
[2022.01.29-15.33.51:466][  0]LogOcInput: OculusInput pre-init called
[2022.01.29-15.33.52:784][  0]LogEngine: Initializing Engine...
[2022.01.29-15.33.53:043][  0]LogHMD: Optional extension XR_VARJO_quad_views is not available
[2022.01.29-15.33.53:043][  0]LogHMD: Warning: Required extension XR_EXT_eye_gaze_interaction is not available
[2022.01.29-15.33.53:043][  0]LogHMD: Could not enable all required OpenXR extensions for OpenXREyeTracker on current system. This plugin will be loaded but ignored, but will be enabled on a target platform that supports the required extension.
[2022.01.29-15.33.53:569][  0]LogHMD: Failed to get an OpenXR system, result is XR_ERROR_FORM_FACTOR_UNAVAILABLE. Please check that your runtime supports VR headsets.
[2022.01.29-15.33.53:594][  0]LogHMD: Failed to initialize OpenVR with code 126
[2022.01.29-15.33.53:609][  0]LogMagicLeap: Warning: VR disabled because ZI is not enabled.  To enable, in the editor, Edit -> Project Settings -> Plugins -> Magic Leap Plugin -> Enable Zero Iteration
[2022.01.29-15.33.53:664][  0]LogStats: UGameplayTagsManager::InitializeManager -  0.009 s
[2022.01.29-15.33.54:509][  0]LogInit: Initializing FReadOnlyCVARCache
[2022.01.29-15.33.54:809][  0]LogAIModule: Creating AISystem for world Untitled
[2022.01.29-15.33.54:832][  0]LogAudio: Display: Initializing Audio Device Manager...
[2022.01.29-15.33.54:856][  0]LogAudio: Display: Loading Default Audio Settings Objects...
[2022.01.29-15.33.54:871][  0]LogAudio: Display: No default SoundConcurrencyObject specified (or failed to load).
[2022.01.29-15.33.54:908][  0]LogAudio: Display: Audio Device Manager Initialized
[2022.01.29-15.33.54:908][  0]LogAudio: Display: Creating Audio Device:                 Id: 1, Scope: Shared, Realtime: True
[2022.01.29-15.33.54:917][  0]LogAudioMixer: Display: Audio Mixer Platform Settings:
[2022.01.29-15.33.54:917][  0]LogAudioMixer: Display: 	Sample Rate:						  48000
[2022.01.29-15.33.54:917][  0]LogAudioMixer: Display: 	Callback Buffer Frame Size Requested: 1024
[2022.01.29-15.33.54:917][  0]LogAudioMixer: Display: 	Callback Buffer Frame Size To Use:	  1024
[2022.01.29-15.33.54:917][  0]LogAudioMixer: Display: 	Number of buffers to queue:			  2
[2022.01.29-15.33.54:917][  0]LogAudioMixer: Display: 	Max Channels (voices):				  32
[2022.01.29-15.33.54:917][  0]LogAudioMixer: Display: 	Number of Async Source Workers:		  0
[2022.01.29-15.33.54:917][  0]LogAudio: Display: AudioDevice MaxSources: 32
[2022.01.29-15.33.54:921][  0]LogAudio: Display: Audio Spatialization Plugin: None (built-in).
[2022.01.29-15.33.54:921][  0]LogAudio: Display: Audio Reverb Plugin: None (built-in).
[2022.01.29-15.33.54:921][  0]LogAudio: Display: Audio Occlusion Plugin: None (built-in).
[2022.01.29-15.33.54:921][  0]LogAudioMixer: Display: Initializing audio mixer.
[2022.01.29-15.33.55:045][  0]LogAudioMixer: Display: 0: FrontLeft
[2022.01.29-15.33.55:045][  0]LogAudioMixer: Display: 1: FrontRight
[2022.01.29-15.33.55:045][  0]LogAudioMixer: Display: 2: FrontCenter
[2022.01.29-15.33.55:045][  0]LogAudioMixer: Display: 3: LowFrequency
[2022.01.29-15.33.55:045][  0]LogAudioMixer: Display: 4: BackLeft
[2022.01.29-15.33.55:045][  0]LogAudioMixer: Display: 5: BackRight
[2022.01.29-15.33.55:045][  0]LogAudioMixer: Display: 6: SideLeft
[2022.01.29-15.33.55:045][  0]LogAudioMixer: Display: 7: SideRight
[2022.01.29-15.33.55:062][  0]LogAudioMixer: Display: Using Audio Device Speakers (THX Spatial - Synapse)
[2022.01.29-15.33.55:075][  0]LogAudioMixer: Display: Initializing Sound Submixes...
[2022.01.29-15.33.55:114][  0]LogAudioMixer: Display: Creating Master Submix 'MasterSubmixDefault'
[2022.01.29-15.33.55:115][  0]LogAudioMixer: Display: Creating Master Submix 'MasterReverbSubmixDefault'
[2022.01.29-15.33.55:116][  0]LogAudioMixer: Display: Creating Master Submix 'MasterEQSubmixDefault'
[2022.01.29-15.33.55:116][  0]LogAudioMixer: FMixerPlatformXAudio2::StartAudioStream() called
[2022.01.29-15.33.55:116][  0]LogAudioMixer: Display: Output buffers initialized: Frames=1024, Channels=8, Samples=8192
[2022.01.29-15.33.55:117][  0]LogAudioMixer: Display: Starting AudioMixerPlatformInterface::RunInternal()
[2022.01.29-15.33.55:117][  0]LogAudioMixer: Display: FMixerPlatformXAudio2::SubmitBuffer() called for the first time
[2022.01.29-15.33.55:117][  0]LogInit: FAudioDevice initialized.
[2022.01.29-15.33.55:131][  0]LogAudio: Display: Audio Device (ID: 1) registered with world 'Untitled'.
[2022.01.29-15.33.55:131][  0]LogNetVersion: Set ProjectVersion to 1.0.0.0. Version Checksum will be recalculated on next use.
[2022.01.29-15.33.55:138][  0]LogDerivedDataCache: Error: Could not save memory cache C:/Users/DORUK SASMAZ/AppData/Local/UnrealEngine/4.27/DerivedDataCache/Boot.ddc.
[2022.01.29-15.33.55:138][  0]LogInit: Texture streaming: Enabled
[2022.01.29-15.33.55:279][  0]LogAnalytics: Display: [UEEditor.Rocket.Release] APIServer = https://datarouter.ol.epicgames.com/. AppVersion = 4.27.2-18319896+++UE4+Release-4.27
[2022.01.29-15.33.55:328][  0]LogEngineSessionManager: EngineSessionManager initialized
[2022.01.29-15.33.55:335][  0]LogEditorSessionSummary: Verbose: Initializing EditorSessionSummaryWriter for editor session tracking
[2022.01.29-15.33.55:361][  0]LogEditorSessionSummary: EditorSessionSummaryWriter initialized
[2022.01.29-15.33.55:524][  0]LogInit: Transaction tracking system initialized
[2022.01.29-15.33.55:788][  0]BlueprintLog: New page: Editor Load
[2022.01.29-15.33.56:819][  0]LocalizationService: Localization service is disabled
[2022.01.29-15.33.57:162][  0]TimingProfiler: Initialize
[2022.01.29-15.33.57:163][  0]TimingProfiler: OnSessionChanged
[2022.01.29-15.33.57:164][  0]LoadingProfiler: Initialize
[2022.01.29-15.33.57:164][  0]LoadingProfiler: OnSessionChanged
[2022.01.29-15.33.57:164][  0]NetworkingProfiler: Initialize
[2022.01.29-15.33.57:164][  0]NetworkingProfiler: OnSessionChanged
[2022.01.29-15.33.57:164][  0]MemoryProfiler: Initialize
[2022.01.29-15.33.57:164][  0]MemoryProfiler: OnSessionChanged
[2022.01.29-15.34.01:079][  0]LogFileCache: Scanning file cache for directory 'C:/Users/DORUK SASMAZ/Documents/Unreal Projects/LevelBuild/Content/' took 0.01s
[2022.01.29-15.34.01:079][  0]LogCook: Display: CookSettings for Memory: MemoryMaxUsedVirtual 0MiB, MemoryMaxUsedPhysical 16384MiB, MemoryMinFreeVirtual 0MiB, MemoryMinFreePhysical 1024MiB
[2022.01.29-15.34.01:079][  0]LogCook: Display: Mobile HDR setting 1
[2022.01.29-15.34.03:757][  0]LogInit: Display: Engine is initialized. Leaving FEngineLoop::Init()
[2022.01.29-15.34.03:833][  0]SourceControl: Source control is disabled
[2022.01.29-15.34.03:845][  0]LogUnrealEdMisc: Loading editor; pre map load, took 65.369
[2022.01.29-15.34.03:871][  0]Cmd: MAP LOAD FILE="C:/Users/DORUK SASMAZ/Documents/Unreal Projects/LevelBuild/Content/ThirdPersonBP/Maps/ThirdPersonExampleMap.umap" TEMPLATE=0 SHOWPROGRESS=1 FEATURELEVEL=3
[2022.01.29-15.34.03:878][  0]LightingResults: New page: Lighting Build
[2022.01.29-15.34.03:962][  0]LogWorld: UWorld::CleanupWorld for Untitled, bSessionEnded=true, bCleanupResources=true
[2022.01.29-15.34.03:991][  0]LogSlate: InvalidateAllWidgets triggered.  All widgets were invalidated
[2022.01.29-15.34.04:036][  0]MapCheck: New page: Map Check
[2022.01.29-15.34.04:036][  0]LightingResults: New page: Lighting Build
[2022.01.29-15.34.04:408][  0]LogAudio: Display: Audio Device unregistered from world 'None'.
[2022.01.29-15.34.04:805][  0]LogUObjectHash: Compacting FUObjectHashTables data took   0.63ms
[2022.01.29-15.34.05:695][  0]LogAudio: Display: Audio Device (ID: 1) registered with world 'ThirdPersonExampleMap'.
[2022.01.29-15.34.05:700][  0]LogAIModule: Creating AISystem for world ThirdPersonExampleMap
[2022.01.29-15.34.06:048][  0]LogEditorServer: Finished looking for orphan Actors (0.000 secs)
[2022.01.29-15.34.06:110][  0]LogUObjectHash: Compacting FUObjectHashTables data took   0.70ms
[2022.01.29-15.34.06:127][  0]Cmd: MAP CHECKDEP NOCLEARLOG
[2022.01.29-15.34.06:135][  0]MapCheck: Map check complete: 0 Error(s), 0 Warning(s), took 8.795ms to complete.
[2022.01.29-15.34.06:135][  0]LogFileHelpers: Loading map 'ThirdPersonExampleMap' took 2.273
[2022.01.29-15.34.06:765][  0]LogUnrealEdMisc: Total Editor Startup Time, took 68.289
[2022.01.29-15.34.07:242][  0]LogSlate: Updating window title bar state: overlay mode, drag disabled, window buttons hidden, title bar hidden
[2022.01.29-15.34.07:266][  0]LogSlate: Updating window title bar state: overlay mode, drag disabled, window buttons hidden, title bar hidden
[2022.01.29-15.34.07:274][  0]LogSlate: Updating window title bar state: overlay mode, drag disabled, window buttons hidden, title bar hidden
[2022.01.29-15.34.07:278][  0]LogSlate: Updating window title bar state: overlay mode, drag disabled, window buttons hidden, title bar hidden
[2022.01.29-15.34.07:352][  0]LogNativeClassHierarchy: Verbose: Native class hierarchy populated in 0.0074 seconds. Added 3822 classes and 928 folders.
[2022.01.29-15.34.07:408][  0]LogNativeClassHierarchy: Verbose: Native class hierarchy updated for 'WidgetCarousel' in 0.0002 seconds. Added 0 classes and 0 folders.
[2022.01.29-15.34.07:585][  0]LogPakFile: PakFile PrimaryIndexSize=187
[2022.01.29-15.34.07:585][  0]LogPakFile: PakFile PathHashIndexSize=101
[2022.01.29-15.34.07:585][  0]LogPakFile: PakFile FullDirectoryIndexSize=148
[2022.01.29-15.34.07:585][  0]LogShaderLibrary: Display: ShaderCodeLibraryPakFileMountedCallback: PakFile 'D:/Epic Games/UE_4.27/FeaturePacks/FP_FirstPerson.upack' (chunk index -1, root 'root:/') mounted
[2022.01.29-15.34.07:585][  0]LogShaderLibrary: Display: ShaderCodeLibraryPakFileMountedCallback: pending pak file info (ChunkID:-1 Root:root:/ File:D:/Epic Games/UE_4.27/FeaturePacks/FP_FirstPerson.upack)
[2022.01.29-15.34.07:585][  0]LogPakFile: OnPakFileMounted2Time == 0.000042
[2022.01.29-15.34.07:614][  0]LogPakFile: PakFile PrimaryIndexSize=189
[2022.01.29-15.34.07:614][  0]LogPakFile: PakFile PathHashIndexSize=101
[2022.01.29-15.34.07:614][  0]LogPakFile: PakFile FullDirectoryIndexSize=152
[2022.01.29-15.34.07:614][  0]LogShaderLibrary: Display: ShaderCodeLibraryPakFileMountedCallback: PakFile 'D:/Epic Games/UE_4.27/FeaturePacks/FP_FirstPersonBP.upack' (chunk index -1, root 'root:/') mounted
[2022.01.29-15.34.07:614][  0]LogShaderLibrary: Display: ShaderCodeLibraryPakFileMountedCallback: pending pak file info (ChunkID:-1 Root:root:/ File:D:/Epic Games/UE_4.27/FeaturePacks/FP_FirstPersonBP.upack)
[2022.01.29-15.34.07:614][  0]LogPakFile: OnPakFileMounted2Time == 0.000035
[2022.01.29-15.34.07:618][  0]LogPakFile: PakFile PrimaryIndexSize=191
[2022.01.29-15.34.07:618][  0]LogPakFile: PakFile PathHashIndexSize=101
[2022.01.29-15.34.07:618][  0]LogPakFile: PakFile FullDirectoryIndexSize=160
[2022.01.29-15.34.07:618][  0]LogShaderLibrary: Display: ShaderCodeLibraryPakFileMountedCallback: PakFile 'D:/Epic Games/UE_4.27/FeaturePacks/MobileStarterContent.upack' (chunk index -1, root 'root:/') mounted
[2022.01.29-15.34.07:618][  0]LogShaderLibrary: Display: ShaderCodeLibraryPakFileMountedCallback: pending pak file info (ChunkID:-1 Root:root:/ File:D:/Epic Games/UE_4.27/FeaturePacks/MobileStarterContent.upack)
[2022.01.29-15.34.07:618][  0]LogPakFile: OnPakFileMounted2Time == 0.000028
[2022.01.29-15.34.07:623][  0]LogPakFile: PakFile PrimaryIndexSize=185
[2022.01.29-15.34.07:623][  0]LogPakFile: PakFile PathHashIndexSize=101
[2022.01.29-15.34.07:623][  0]LogPakFile: PakFile FullDirectoryIndexSize=148
[2022.01.29-15.34.07:623][  0]LogShaderLibrary: Display: ShaderCodeLibraryPakFileMountedCallback: PakFile 'D:/Epic Games/UE_4.27/FeaturePacks/StarterContent.upack' (chunk index -1, root 'root:/') mounted
[2022.01.29-15.34.07:623][  0]LogShaderLibrary: Display: ShaderCodeLibraryPakFileMountedCallback: pending pak file info (ChunkID:-1 Root:root:/ File:D:/Epic Games/UE_4.27/FeaturePacks/StarterContent.upack)
[2022.01.29-15.34.07:623][  0]LogPakFile: OnPakFileMounted2Time == 0.000030
[2022.01.29-15.34.07:627][  0]LogPakFile: PakFile PrimaryIndexSize=190
[2022.01.29-15.34.07:627][  0]LogPakFile: PakFile PathHashIndexSize=101
[2022.01.29-15.34.07:627][  0]LogPakFile: PakFile FullDirectoryIndexSize=154
[2022.01.29-15.34.07:627][  0]LogShaderLibrary: Display: ShaderCodeLibraryPakFileMountedCallback: PakFile 'D:/Epic Games/UE_4.27/FeaturePacks/TP_2DSideScroller.upack' (chunk index -1, root 'root:/') mounted
[2022.01.29-15.34.07:627][  0]LogShaderLibrary: Display: ShaderCodeLibraryPakFileMountedCallback: pending pak file info (ChunkID:-1 Root:root:/ File:D:/Epic Games/UE_4.27/FeaturePacks/TP_2DSideScroller.upack)
[2022.01.29-15.34.07:627][  0]LogPakFile: OnPakFileMounted2Time == 0.000029
[2022.01.29-15.34.07:631][  0]LogPakFile: PakFile PrimaryIndexSize=192
[2022.01.29-15.34.07:631][  0]LogPakFile: PakFile PathHashIndexSize=101
[2022.01.29-15.34.07:631][  0]LogPakFile: PakFile FullDirectoryIndexSize=158
[2022.01.29-15.34.07:631][  0]LogShaderLibrary: Display: ShaderCodeLibraryPakFileMountedCallback: PakFile 'D:/Epic Games/UE_4.27/FeaturePacks/TP_2DSideScrollerBP.upack' (chunk index -1, root 'root:/') mounted
[2022.01.29-15.34.07:631][  0]LogShaderLibrary: Display: ShaderCodeLibraryPakFileMountedCallback: pending pak file info (ChunkID:-1 Root:root:/ File:D:/Epic Games/UE_4.27/FeaturePacks/TP_2DSideScrollerBP.upack)
[2022.01.29-15.34.07:631][  0]LogPakFile: OnPakFileMounted2Time == 0.000032
[2022.01.29-15.34.07:635][  0]LogPakFile: PakFile PrimaryIndexSize=182
[2022.01.29-15.34.07:635][  0]LogPakFile: PakFile PathHashIndexSize=101
[2022.01.29-15.34.07:635][  0]LogPakFile: PakFile FullDirectoryIndexSize=138
[2022.01.29-15.34.07:635][  0]LogShaderLibrary: Display: ShaderCodeLibraryPakFileMountedCallback: PakFile 'D:/Epic Games/UE_4.27/FeaturePacks/TP_Flying.upack' (chunk index -1, root 'root:/') mounted
[2022.01.29-15.34.07:635][  0]LogShaderLibrary: Display: ShaderCodeLibraryPakFileMountedCallback: pending pak file info (ChunkID:-1 Root:root:/ File:D:/Epic Games/UE_4.27/FeaturePacks/TP_Flying.upack)
[2022.01.29-15.34.07:635][  0]LogPakFile: OnPakFileMounted2Time == 0.000028
[2022.01.29-15.34.07:639][  0]LogPakFile: PakFile PrimaryIndexSize=184
[2022.01.29-15.34.07:639][  0]LogPakFile: PakFile PathHashIndexSize=101
[2022.01.29-15.34.07:639][  0]LogPakFile: PakFile FullDirectoryIndexSize=142
[2022.01.29-15.34.07:639][  0]LogShaderLibrary: Display: ShaderCodeLibraryPakFileMountedCallback: PakFile 'D:/Epic Games/UE_4.27/FeaturePacks/TP_FlyingBP.upack' (chunk index -1, root 'root:/') mounted
[2022.01.29-15.34.07:639][  0]LogShaderLibrary: Display: ShaderCodeLibraryPakFileMountedCallback: pending pak file info (ChunkID:-1 Root:root:/ File:D:/Epic Games/UE_4.27/FeaturePacks/TP_FlyingBP.upack)
[2022.01.29-15.34.07:639][  0]LogPakFile: OnPakFileMounted2Time == 0.000032
[2022.01.29-15.34.07:652][  0]LogPakFile: PakFile PrimaryIndexSize=188
[2022.01.29-15.34.07:652][  0]LogPakFile: PakFile PathHashIndexSize=101
[2022.01.29-15.34.07:652][  0]LogPakFile: PakFile FullDirectoryIndexSize=150
[2022.01.29-15.34.07:652][  0]LogShaderLibrary: Display: ShaderCodeLibraryPakFileMountedCallback: PakFile 'D:/Epic Games/UE_4.27/FeaturePacks/TP_HandheldARBP.upack' (chunk index -1, root 'root:/') mounted
[2022.01.29-15.34.07:652][  0]LogShaderLibrary: Display: ShaderCodeLibraryPakFileMountedCallback: pending pak file info (ChunkID:-1 Root:root:/ File:D:/Epic Games/UE_4.27/FeaturePacks/TP_HandheldARBP.upack)
[2022.01.29-15.34.07:652][  0]LogPakFile: OnPakFileMounted2Time == 0.000030
[2022.01.29-15.34.07:670][  0]LogPakFile: PakFile PrimaryIndexSize=182
[2022.01.29-15.34.07:670][  0]LogPakFile: PakFile PathHashIndexSize=101
[2022.01.29-15.34.07:670][  0]LogPakFile: PakFile FullDirectoryIndexSize=138
[2022.01.29-15.34.07:670][  0]LogShaderLibrary: Display: ShaderCodeLibraryPakFileMountedCallback: PakFile 'D:/Epic Games/UE_4.27/FeaturePacks/TP_Puzzle.upack' (chunk index -1, root 'root:/') mounted
[2022.01.29-15.34.07:670][  0]LogShaderLibrary: Display: ShaderCodeLibraryPakFileMountedCallback: pending pak file info (ChunkID:-1 Root:root:/ File:D:/Epic Games/UE_4.27/FeaturePacks/TP_Puzzle.upack)
[2022.01.29-15.34.07:670][  0]LogPakFile: OnPakFileMounted2Time == 0.000030
[2022.01.29-15.34.07:674][  0]LogPakFile: PakFile PrimaryIndexSize=184
[2022.01.29-15.34.07:674][  0]LogPakFile: PakFile PathHashIndexSize=101
[2022.01.29-15.34.07:674][  0]LogPakFile: PakFile FullDirectoryIndexSize=142
[2022.01.29-15.34.07:674][  0]LogShaderLibrary: Display: ShaderCodeLibraryPakFileMountedCallback: PakFile 'D:/Epic Games/UE_4.27/FeaturePacks/TP_PuzzleBP.upack' (chunk index -1, root 'root:/') mounted
[2022.01.29-15.34.07:674][  0]LogShaderLibrary: Display: ShaderCodeLibraryPakFileMountedCallback: pending pak file info (ChunkID:-1 Root:root:/ File:D:/Epic Games/UE_4.27/FeaturePacks/TP_PuzzleBP.upack)
[2022.01.29-15.34.07:674][  0]LogPakFile: OnPakFileMounted2Time == 0.000052
[2022.01.29-15.34.07:678][  0]LogPakFile: PakFile PrimaryIndexSize=183
[2022.01.29-15.34.07:678][  0]LogPakFile: PakFile PathHashIndexSize=101
[2022.01.29-15.34.07:678][  0]LogPakFile: PakFile FullDirectoryIndexSize=140
[2022.01.29-15.34.07:678][  0]LogShaderLibrary: Display: ShaderCodeLibraryPakFileMountedCallback: PakFile 'D:/Epic Games/UE_4.27/FeaturePacks/TP_Rolling.upack' (chunk index -1, root 'root:/') mounted
[2022.01.29-15.34.07:678][  0]LogShaderLibrary: Display: ShaderCodeLibraryPakFileMountedCallback: pending pak file info (ChunkID:-1 Root:root:/ File:D:/Epic Games/UE_4.27/FeaturePacks/TP_Rolling.upack)
[2022.01.29-15.34.07:678][  0]LogPakFile: OnPakFileMounted2Time == 0.000031
[2022.01.29-15.34.07:682][  0]LogPakFile: PakFile PrimaryIndexSize=185
[2022.01.29-15.34.07:682][  0]LogPakFile: PakFile PathHashIndexSize=101
[2022.01.29-15.34.07:682][  0]LogPakFile: PakFile FullDirectoryIndexSize=144
[2022.01.29-15.34.07:682][  0]LogShaderLibrary: Display: ShaderCodeLibraryPakFileMountedCallback: PakFile 'D:/Epic Games/UE_4.27/FeaturePacks/TP_RollingBP.upack' (chunk index -1, root 'root:/') mounted
[2022.01.29-15.34.07:682][  0]LogShaderLibrary: Display: ShaderCodeLibraryPakFileMountedCallback: pending pak file info (ChunkID:-1 Root:root:/ File:D:/Epic Games/UE_4.27/FeaturePacks/TP_RollingBP.upack)
[2022.01.29-15.34.07:682][  0]LogPakFile: OnPakFileMounted2Time == 0.000035
[2022.01.29-15.34.07:686][  0]LogPakFile: PakFile PrimaryIndexSize=188
[2022.01.29-15.34.07:686][  0]LogPakFile: PakFile PathHashIndexSize=101
[2022.01.29-15.34.07:686][  0]LogPakFile: PakFile FullDirectoryIndexSize=150
[2022.01.29-15.34.07:686][  0]LogShaderLibrary: Display: ShaderCodeLibraryPakFileMountedCallback: PakFile 'D:/Epic Games/UE_4.27/FeaturePacks/TP_SideScroller.upack' (chunk index -1, root 'root:/') mounted
[2022.01.29-15.34.07:686][  0]LogShaderLibrary: Display: ShaderCodeLibraryPakFileMountedCallback: pending pak file info (ChunkID:-1 Root:root:/ File:D:/Epic Games/UE_4.27/FeaturePacks/TP_SideScroller.upack)
[2022.01.29-15.34.07:686][  0]LogPakFile: OnPakFileMounted2Time == 0.000035
[2022.01.29-15.34.07:690][  0]LogPakFile: PakFile PrimaryIndexSize=190
[2022.01.29-15.34.07:690][  0]LogPakFile: PakFile PathHashIndexSize=101
[2022.01.29-15.34.07:690][  0]LogPakFile: PakFile FullDirectoryIndexSize=154
[2022.01.29-15.34.07:690][  0]LogShaderLibrary: Display: ShaderCodeLibraryPakFileMountedCallback: PakFile 'D:/Epic Games/UE_4.27/FeaturePacks/TP_SideScrollerBP.upack' (chunk index -1, root 'root:/') mounted
[2022.01.29-15.34.07:690][  0]LogShaderLibrary: Display: ShaderCodeLibraryPakFileMountedCallback: pending pak file info (ChunkID:-1 Root:root:/ File:D:/Epic Games/UE_4.27/FeaturePacks/TP_SideScrollerBP.upack)
[2022.01.29-15.34.07:691][  0]LogPakFile: OnPakFileMounted2Time == 0.000028
[2022.01.29-15.34.07:695][  0]LogPakFile: PakFile PrimaryIndexSize=187
[2022.01.29-15.34.07:695][  0]LogPakFile: PakFile PathHashIndexSize=101
[2022.01.29-15.34.07:695][  0]LogPakFile: PakFile FullDirectoryIndexSize=148
[2022.01.29-15.34.07:695][  0]LogShaderLibrary: Display: ShaderCodeLibraryPakFileMountedCallback: PakFile 'D:/Epic Games/UE_4.27/FeaturePacks/TP_ThirdPerson.upack' (chunk index -1, root 'root:/') mounted
[2022.01.29-15.34.07:695][  0]LogShaderLibrary: Display: ShaderCodeLibraryPakFileMountedCallback: pending pak file info (ChunkID:-1 Root:root:/ File:D:/Epic Games/UE_4.27/FeaturePacks/TP_ThirdPerson.upack)
[2022.01.29-15.34.07:695][  0]LogPakFile: OnPakFileMounted2Time == 0.000028
[2022.01.29-15.34.07:699][  0]LogPakFile: PakFile PrimaryIndexSize=189
[2022.01.29-15.34.07:699][  0]LogPakFile: PakFile PathHashIndexSize=101
[2022.01.29-15.34.07:699][  0]LogPakFile: PakFile FullDirectoryIndexSize=152
[2022.01.29-15.34.07:699][  0]LogShaderLibrary: Display: ShaderCodeLibraryPakFileMountedCallback: PakFile 'D:/Epic Games/UE_4.27/FeaturePacks/TP_ThirdPersonBP.upack' (chunk index -1, root 'root:/') mounted
[2022.01.29-15.34.07:699][  0]LogShaderLibrary: Display: ShaderCodeLibraryPakFileMountedCallback: pending pak file info (ChunkID:-1 Root:root:/ File:D:/Epic Games/UE_4.27/FeaturePacks/TP_ThirdPersonBP.upack)
[2022.01.29-15.34.07:699][  0]LogPakFile: OnPakFileMounted2Time == 0.000040
[2022.01.29-15.34.07:703][  0]LogPakFile: PakFile PrimaryIndexSize=183
[2022.01.29-15.34.07:703][  0]LogPakFile: PakFile PathHashIndexSize=101
[2022.01.29-15.34.07:703][  0]LogPakFile: PakFile FullDirectoryIndexSize=140
[2022.01.29-15.34.07:703][  0]LogShaderLibrary: Display: ShaderCodeLibraryPakFileMountedCallback: PakFile 'D:/Epic Games/UE_4.27/FeaturePacks/TP_TopDown.upack' (chunk index -1, root 'root:/') mounted
[2022.01.29-15.34.07:703][  0]LogShaderLibrary: Display: ShaderCodeLibraryPakFileMountedCallback: pending pak file info (ChunkID:-1 Root:root:/ File:D:/Epic Games/UE_4.27/FeaturePacks/TP_TopDown.upack)
[2022.01.29-15.34.07:703][  0]LogPakFile: OnPakFileMounted2Time == 0.000034
[2022.01.29-15.34.07:707][  0]LogPakFile: PakFile PrimaryIndexSize=185
[2022.01.29-15.34.07:707][  0]LogPakFile: PakFile PathHashIndexSize=101
[2022.01.29-15.34.07:707][  0]LogPakFile: PakFile FullDirectoryIndexSize=144
[2022.01.29-15.34.07:707][  0]LogShaderLibrary: Display: ShaderCodeLibraryPakFileMountedCallback: PakFile 'D:/Epic Games/UE_4.27/FeaturePacks/TP_TopDownBP.upack' (chunk index -1, root 'root:/') mounted
[2022.01.29-15.34.07:707][  0]LogShaderLibrary: Display: ShaderCodeLibraryPakFileMountedCallback: pending pak file info (ChunkID:-1 Root:root:/ File:D:/Epic Games/UE_4.27/FeaturePacks/TP_TopDownBP.upack)
[2022.01.29-15.34.07:707][  0]LogPakFile: OnPakFileMounted2Time == 0.000028
[2022.01.29-15.34.07:713][  0]LogPakFile: PakFile PrimaryIndexSize=185
[2022.01.29-15.34.07:713][  0]LogPakFile: PakFile PathHashIndexSize=101
[2022.01.29-15.34.07:713][  0]LogPakFile: PakFile FullDirectoryIndexSize=144
[2022.01.29-15.34.07:713][  0]LogShaderLibrary: Display: ShaderCodeLibraryPakFileMountedCallback: PakFile 'D:/Epic Games/UE_4.27/FeaturePacks/TP_TwinStick.upack' (chunk index -1, root 'root:/') mounted
[2022.01.29-15.34.07:713][  0]LogShaderLibrary: Display: ShaderCodeLibraryPakFileMountedCallback: pending pak file info (ChunkID:-1 Root:root:/ File:D:/Epic Games/UE_4.27/FeaturePacks/TP_TwinStick.upack)
[2022.01.29-15.34.07:713][  0]LogPakFile: OnPakFileMounted2Time == 0.000032
[2022.01.29-15.34.07:717][  0]LogPakFile: PakFile PrimaryIndexSize=187
[2022.01.29-15.34.07:717][  0]LogPakFile: PakFile PathHashIndexSize=101
[2022.01.29-15.34.07:717][  0]LogPakFile: PakFile FullDirectoryIndexSize=148
[2022.01.29-15.34.07:717][  0]LogShaderLibrary: Display: ShaderCodeLibraryPakFileMountedCallback: PakFile 'D:/Epic Games/UE_4.27/FeaturePacks/TP_TwinStickBP.upack' (chunk index -1, root 'root:/') mounted
[2022.01.29-15.34.07:717][  0]LogShaderLibrary: Display: ShaderCodeLibraryPakFileMountedCallback: pending pak file info (ChunkID:-1 Root:root:/ File:D:/Epic Games/UE_4.27/FeaturePacks/TP_TwinStickBP.upack)
[2022.01.29-15.34.07:717][  0]LogPakFile: OnPakFileMounted2Time == 0.000029
[2022.01.29-15.34.07:721][  0]LogPakFile: PakFile PrimaryIndexSize=183
[2022.01.29-15.34.07:721][  0]LogPakFile: PakFile PathHashIndexSize=101
[2022.01.29-15.34.07:721][  0]LogPakFile: PakFile FullDirectoryIndexSize=140
[2022.01.29-15.34.07:722][  0]LogShaderLibrary: Display: ShaderCodeLibraryPakFileMountedCallback: PakFile 'D:/Epic Games/UE_4.27/FeaturePacks/TP_Vehicle.upack' (chunk index -1, root 'root:/') mounted
[2022.01.29-15.34.07:722][  0]LogShaderLibrary: Display: ShaderCodeLibraryPakFileMountedCallback: pending pak file info (ChunkID:-1 Root:root:/ File:D:/Epic Games/UE_4.27/FeaturePacks/TP_Vehicle.upack)
[2022.01.29-15.34.07:722][  0]LogPakFile: OnPakFileMounted2Time == 0.000029
[2022.01.29-15.34.07:725][  0]LogPakFile: PakFile PrimaryIndexSize=186
[2022.01.29-15.34.07:725][  0]LogPakFile: PakFile PathHashIndexSize=101
[2022.01.29-15.34.07:725][  0]LogPakFile: PakFile FullDirectoryIndexSize=146
[2022.01.29-15.34.07:725][  0]LogShaderLibrary: Display: ShaderCodeLibraryPakFileMountedCallback: PakFile 'D:/Epic Games/UE_4.27/FeaturePacks/TP_VehicleAdv.upack' (chunk index -1, root 'root:/') mounted
[2022.01.29-15.34.07:726][  0]LogShaderLibrary: Display: ShaderCodeLibraryPakFileMountedCallback: pending pak file info (ChunkID:-1 Root:root:/ File:D:/Epic Games/UE_4.27/FeaturePacks/TP_VehicleAdv.upack)
[2022.01.29-15.34.07:726][  0]LogPakFile: OnPakFileMounted2Time == 0.000030
[2022.01.29-15.34.07:730][  0]LogPakFile: PakFile PrimaryIndexSize=188
[2022.01.29-15.34.07:730][  0]LogPakFile: PakFile PathHashIndexSize=101
[2022.01.29-15.34.07:730][  0]LogPakFile: PakFile FullDirectoryIndexSize=150
[2022.01.29-15.34.07:730][  0]LogShaderLibrary: Display: ShaderCodeLibraryPakFileMountedCallback: PakFile 'D:/Epic Games/UE_4.27/FeaturePacks/TP_VehicleAdvBP.upack' (chunk index -1, root 'root:/') mounted
[2022.01.29-15.34.07:730][  0]LogShaderLibrary: Display: ShaderCodeLibraryPakFileMountedCallback: pending pak file info (ChunkID:-1 Root:root:/ File:D:/Epic Games/UE_4.27/FeaturePacks/TP_VehicleAdvBP.upack)
[2022.01.29-15.34.07:730][  0]LogPakFile: OnPakFileMounted2Time == 0.000028
[2022.01.29-15.34.07:734][  0]LogPakFile: PakFile PrimaryIndexSize=185
[2022.01.29-15.34.07:734][  0]LogPakFile: PakFile PathHashIndexSize=101
[2022.01.29-15.34.07:734][  0]LogPakFile: PakFile FullDirectoryIndexSize=144
[2022.01.29-15.34.07:734][  0]LogShaderLibrary: Display: ShaderCodeLibraryPakFileMountedCallback: PakFile 'D:/Epic Games/UE_4.27/FeaturePacks/TP_VehicleBP.upack' (chunk index -1, root 'root:/') mounted
[2022.01.29-15.34.07:734][  0]LogShaderLibrary: Display: ShaderCodeLibraryPakFileMountedCallback: pending pak file info (ChunkID:-1 Root:root:/ File:D:/Epic Games/UE_4.27/FeaturePacks/TP_VehicleBP.upack)
[2022.01.29-15.34.07:734][  0]LogPakFile: OnPakFileMounted2Time == 0.000028
[2022.01.29-15.34.07:737][  0]LogPakFile: PakFile PrimaryIndexSize=192
[2022.01.29-15.34.07:737][  0]LogPakFile: PakFile PathHashIndexSize=101
[2022.01.29-15.34.07:737][  0]LogPakFile: PakFile FullDirectoryIndexSize=158
[2022.01.29-15.34.07:737][  0]LogShaderLibrary: Display: ShaderCodeLibraryPakFileMountedCallback: PakFile 'D:/Epic Games/UE_4.27/FeaturePacks/TP_VirtualRealityBP.upack' (chunk index -1, root 'root:/') mounted
[2022.01.29-15.34.07:738][  0]LogShaderLibrary: Display: ShaderCodeLibraryPakFileMountedCallback: pending pak file info (ChunkID:-1 Root:root:/ File:D:/Epic Games/UE_4.27/FeaturePacks/TP_VirtualRealityBP.upack)
[2022.01.29-15.34.07:738][  0]LogPakFile: OnPakFileMounted2Time == 0.000036
[2022.01.29-15.34.08:914][  0]LogNativeClassHierarchy: Verbose: Native class hierarchy updated for 'AddContentDialog' in 0.0002 seconds. Added 0 classes and 0 folders.
[2022.01.29-15.34.08:937][  0]LogNativeClassHierarchy: Verbose: Native class hierarchy updated for 'SceneOutliner' in 0.0002 seconds. Added 2 classes and 0 folders.
[2022.01.29-15.34.09:305][  0]LogSlate: Took 0.035438 seconds to synchronously load lazily loaded font '../../../Engine/Content/Slate/Fonts/Roboto-Regular.ttf' (155K)
[2022.01.29-15.34.09:334][  0]LogSlate: Took 0.016644 seconds to synchronously load lazily loaded font '../../../Engine/Content/Editor/Slate/Fonts/FontAwesome.ttf' (139K)
[2022.01.29-15.34.09:338][  0]LogSlate: Took 0.003723 seconds to synchronously load lazily loaded font '../../../Engine/Content/Slate/Fonts/Roboto-Bold.ttf' (160K)
[2022.01.29-15.34.09:725][  0]LogNativeClassHierarchy: Verbose: Native class hierarchy updated for 'HierarchicalLODOutliner' in 0.0002 seconds. Added 0 classes and 0 folders.
[2022.01.29-15.34.09:726][  0]LogInput: Warning: Action Jump uses invalid key OculusGo_Left_Trigger_Click.
[2022.01.29-15.34.09:726][  0]LogInput: Warning: Action ResetVR uses invalid key OculusGo_Left_Trackpad_Click.
[2022.01.29-15.34.09:726][  0]LogInput: Warning: Use -RemoveInvalidKeys to remove instances of these keys from the action mapping.
[2022.01.29-15.34.09:726][  0]LogLoad: (Engine Initialization) Total time: 71.25 seconds
[2022.01.29-15.34.09:726][  0]LogLoad: (Engine Initialization) Total Blueprint compile time: 0.00 seconds
[2022.01.29-15.34.09:820][  0]LogAssetRegistry: Asset discovery search completed in 45.7463 seconds
[2022.01.29-15.34.09:936][  0]LogCollectionManager: Fixed up redirectors for 0 collections in 0.000005 seconds (updated 0 objects)
[2022.01.29-15.34.10:034][  0]LogContentStreaming: Texture pool size now 1000 MB
[2022.01.29-15.34.10:325][  1]LogRenderer: Reallocating scene render targets to support 1852x920 Format 10 NumSamples 1 (Frame:1).
[2022.01.29-15.34.18:190][699]LogSlate: Took 0.019803 seconds to synchronously load lazily loaded font '../../../Engine/Content/Slate/Fonts/Roboto-Light.ttf' (167K)
[2022.01.29-15.34.29:771][699]LogSlate: Window 'Save Level As' being destroyed
[2022.01.29-15.34.39:532][844]LogUObjectHash: Compacting FUObjectHashTables data took   0.49ms
[2022.01.29-15.34.52:477][362]LogSlate: Window 'Save Level As' being destroyed
[2022.01.29-15.35.28:416][755]LogSlate: Window 'Save Level As' being destroyed
[2022.01.29-15.35.34:253][437]LogUObjectHash: Compacting FUObjectHashTables data took   0.54ms
[2022.01.29-15.36.01:478][112]LogTemp: Repeating last play command: Selected Viewport
[2022.01.29-15.36.01:505][112]LogPlayLevel: PlayLevel: No blueprints needed recompiling
[2022.01.29-15.36.01:536][112]PIE: New page: PIE session: ThirdPersonExampleMap (Jan 29, 2022, 9:36:01 PM)
[2022.01.29-15.36.01:563][112]LogOnline: OSS: Creating online subsystem instance for: NULL
[2022.01.29-15.36.01:574][112]LogOnline: OSS: TryLoadSubsystemAndSetDefault: Loaded subsystem for module [NULL]
[2022.01.29-15.36.01:574][112]LogPlayLevel: Creating play world package: /Game/ThirdPersonBP/Maps/UEDPIE_0_ThirdPersonExampleMap
[2022.01.29-15.36.01:595][112]LogPlayLevel: PIE: StaticDuplicateObject took: (0.020538s)
[2022.01.29-15.36.01:595][112]LogAIModule: Creating AISystem for world ThirdPersonExampleMap
[2022.01.29-15.36.01:596][112]LogPlayLevel: PIE: World Init took: (0.000851s)
[2022.01.29-15.36.01:596][112]LogPlayLevel: PIE: Created PIE world by copying editor world from /Game/ThirdPersonBP/Maps/ThirdPersonExampleMap.ThirdPersonExampleMap to /Game/ThirdPersonBP/Maps/UEDPIE_0_ThirdPersonExampleMap.ThirdPersonExampleMap (0.021638s)
[2022.01.29-15.36.01:600][112]LogUObjectHash: Compacting FUObjectHashTables data took   0.48ms
[2022.01.29-15.36.01:600][112]LogAudio: Display: Creating Audio Device:                 Id: 2, Scope: Unique, Realtime: True
[2022.01.29-15.36.01:600][112]LogAudioMixer: Display: Audio Mixer Platform Settings:
[2022.01.29-15.36.01:600][112]LogAudioMixer: Display: 	Sample Rate:						  48000
[2022.01.29-15.36.01:600][112]LogAudioMixer: Display: 	Callback Buffer Frame Size Requested: 1024
[2022.01.29-15.36.01:600][112]LogAudioMixer: Display: 	Callback Buffer Frame Size To Use:	  1024
[2022.01.29-15.36.01:600][112]LogAudioMixer: Display: 	Number of buffers to queue:			  2
[2022.01.29-15.36.01:600][112]LogAudioMixer: Display: 	Max Channels (voices):				  32
[2022.01.29-15.36.01:600][112]LogAudioMixer: Display: 	Number of Async Source Workers:		  0
[2022.01.29-15.36.01:600][112]LogAudio: Display: AudioDevice MaxSources: 32
[2022.01.29-15.36.01:601][112]LogAudio: Display: Audio Spatialization Plugin: None (built-in).
[2022.01.29-15.36.01:601][112]LogAudio: Display: Audio Reverb Plugin: None (built-in).
[2022.01.29-15.36.01:601][112]LogAudio: Display: Audio Occlusion Plugin: None (built-in).
[2022.01.29-15.36.01:601][112]LogAudioMixer: Display: Initializing audio mixer.
[2022.01.29-15.36.01:605][112]LogAudioMixer: Display: 0: FrontLeft
[2022.01.29-15.36.01:605][112]LogAudioMixer: Display: 1: FrontRight
[2022.01.29-15.36.01:605][112]LogAudioMixer: Display: 2: FrontCenter
[2022.01.29-15.36.01:605][112]LogAudioMixer: Display: 3: LowFrequency
[2022.01.29-15.36.01:605][112]LogAudioMixer: Display: 4: BackLeft
[2022.01.29-15.36.01:605][112]LogAudioMixer: Display: 5: BackRight
[2022.01.29-15.36.01:605][112]LogAudioMixer: Display: 6: SideLeft
[2022.01.29-15.36.01:605][112]LogAudioMixer: Display: 7: SideRight
[2022.01.29-15.36.01:617][112]LogAudioMixer: Display: Using Audio Device Speakers (THX Spatial - Synapse)
[2022.01.29-15.36.01:617][112]LogAudioMixer: Display: Initializing Sound Submixes...
[2022.01.29-15.36.01:617][112]LogAudioMixer: Display: Creating Master Submix 'MasterSubmixDefault'
[2022.01.29-15.36.01:617][112]LogAudioMixer: Display: Creating Master Submix 'MasterReverbSubmixDefault'
[2022.01.29-15.36.01:618][112]LogAudioMixer: Display: Creating Master Submix 'MasterEQSubmixDefault'
[2022.01.29-15.36.01:618][112]LogAudioMixer: FMixerPlatformXAudio2::StartAudioStream() called
[2022.01.29-15.36.01:618][112]LogAudioMixer: Display: Output buffers initialized: Frames=1024, Channels=8, Samples=8192
[2022.01.29-15.36.01:618][112]LogAudioMixer: Display: Starting AudioMixerPlatformInterface::RunInternal()
[2022.01.29-15.36.01:618][112]LogAudioMixer: Display: FMixerPlatformXAudio2::SubmitBuffer() called for the first time
[2022.01.29-15.36.01:618][112]LogInit: FAudioDevice initialized.
[2022.01.29-15.36.01:619][112]LogAudio: Display: Audio Device (ID: 2) registered with world 'ThirdPersonExampleMap'.
[2022.01.29-15.36.01:667][112]LogLoad: Game class is 'ThirdPersonGameMode_C'
[2022.01.29-15.36.01:685][112]LogWorld: Bringing World /Game/ThirdPersonBP/Maps/UEDPIE_0_ThirdPersonExampleMap.ThirdPersonExampleMap up for play (max tick rate 0) at 2022.01.29-18.36.01
[2022.01.29-15.36.01:686][112]LogWorld: Bringing up level for play took: 0.002384
[2022.01.29-15.36.01:686][112]LogOnline: OSS: Creating online subsystem instance for: :Context_2
[2022.01.29-15.36.01:734][112]LogNativeClassHierarchy: Verbose: Native class hierarchy updated for 'MovieSceneCapture' in 0.0003 seconds. Added 20 classes and 0 folders.
[2022.01.29-15.36.01:734][112]PIE: Server logged in
[2022.01.29-15.36.01:736][112]PIE: Play in editor total start time 0.241 seconds.
[2022.01.29-15.36.22:506][588]LogSlate: Updating window title bar state: overlay mode, drag disabled, window buttons hidden, title bar hidden
[2022.01.29-15.36.22:506][588]LogWorld: BeginTearingDown for /Game/ThirdPersonBP/Maps/UEDPIE_0_ThirdPersonExampleMap
[2022.01.29-15.36.22:515][588]LogWorld: UWorld::CleanupWorld for ThirdPersonExampleMap, bSessionEnded=true, bCleanupResources=true
[2022.01.29-15.36.22:516][588]LogSlate: InvalidateAllWidgets triggered.  All widgets were invalidated
[2022.01.29-15.36.22:526][588]LogPlayLevel: Display: Shutting down PIE online subsystems
[2022.01.29-15.36.22:527][588]LogSlate: InvalidateAllWidgets triggered.  All widgets were invalidated
[2022.01.29-15.36.22:536][588]LogSlate: Updating window title bar state: overlay mode, drag disabled, window buttons hidden, title bar hidden
[2022.01.29-15.36.22:547][588]LogAudioMixer: FMixerPlatformXAudio2::StopAudioStream() called
[2022.01.29-15.36.22:548][588]LogAudioMixer: FMixerPlatformXAudio2::StopAudioStream() called
[2022.01.29-15.36.22:552][588]LogUObjectHash: Compacting FUObjectHashTables data took   0.69ms
[2022.01.29-15.36.22:568][589]LogPlayLevel: Display: Destroying online subsystem :Context_2
